http://sage.cnpereading.com/paragraph/article/?doi=10.1177/1042258719883995 Article_num:1
http://sage.cnpereading.com/paragraph/article/?doi=10.1177/1042258719885368 Article_num:2
http://sage.cnpereading.com/paragraph/article/?doi=10.1177/1042258719891389 Article_num:3
http://sage.cnpereading.com/paragraph/article/?doi=10.1177/1042258719893110 Article_num:4
http://sage.cnpereading.com/paragraph/article/?doi=10.1177/1042258719864293 Article_num:5
http://sage.cnpereading.com/paragraph/article/?doi=10.1177/1042258719867558 Article_num:6
http://sage.cnpereading.com/paragraph/article/?doi=10.1177/1042258719867564 Article_num:7
http://sage.cnpereading.com/paragraph/article/?doi=10.1177/1042258719879670 Article_num:8
http://sage.cnpereading.com/paragraph/article/?doi=10.1177/1042258719879674 Article_num:9
http://sage.cnpereading.com/paragraph/article/?doi=10.1177/1042258719879633 Article_num:10
http://sage.cnpereading.com/paragraph/article/?doi=10.1177/1042258719838473 Article_num:11
http://sage.cnpereading.com/paragraph/article/?doi=10.1177/1042258719844715 Article_num:12
https://journals.sagepub.com/doi/full/10.1177/1042258719845345 Article_num:13
http://sage.cnpereading.com/paragraph/article/?doi=10.1177/1042258719844500 Article_num:14
http://sage.cnpereading.com/paragraph/article/?doi=10.1177/1042258719851206 Article_num:15
http://sage.cnpereading.com/paragraph/article/?doi=10.1177/1042258719851217 Article_num:16
http://sage.cnpereading.com/paragraph/article/?doi=10.1177/1042258719855965 Article_num:17
http://sage.cnpereading.com/paragraph/article/?doi=10.1177/1042258718806627 Article_num:18
http://sage.cnpereading.com/paragraph/article/?doi=10.1177/1042258718807175 Article_num:19
http://sage.cnpereading.com/paragraph/article/?doi=10.1177/1042258718818357 Article_num:20
http://sage.cnpereading.com/paragraph/article/?doi=10.1177/1042258718824957 Article_num:21
http://sage.cnpereading.com/paragraph/article/?doi=10.1177/1042258719830310 Article_num:22
https://journals.sagepub.com/doi/full/10.1177/1042258719834019 Article_num:23
http://sage.cnpereading.com/paragraph/article/?doi=10.1177/1042258719830314 Article_num:24
http://sage.cnpereading.com/paragraph/article/?doi=10.1177/1042258719834014 Article_num:25
http://sage.cnpereading.com/paragraph/article/?doi=10.1177/1042258718784755 Article_num:26
http://sage.cnpereading.com/paragraph/article/?doi=10.1177/1042258718797925 Article_num:27
http://sage.cnpereading.com/paragraph/article/?doi=10.1177/1042258718801597 Article_num:28
http://sage.cnpereading.com/paragraph/article/?doi=10.1177/1042258718803051 Article_num:29
http://sage.cnpereading.com/paragraph/article/?doi=10.1177/1042258718801593 Article_num:30
http://sage.cnpereading.com/paragraph/article/?doi=10.1177/1042258718801600 Article_num:31
http://sage.cnpereading.com/paragraph/article/?doi=10.1177/1042258718806251 Article_num:32
http://sage.cnpereading.com/paragraph/article/?doi=10.1177/1042258719839712 Article_num:33
http://sage.cnpereading.com/paragraph/article/?doi=10.1177/1042258719837987 Article_num:34
http://sage.cnpereading.com/paragraph/article/?doi=10.1177/1042258719834016 Article_num:35
http://sage.cnpereading.com/paragraph/article/?doi=10.1177/1042258719838477 Article_num:36
http://sage.cnpereading.com/paragraph/article/?doi=10.1177/1042258719838256 Article_num:37
https://journals.sagepub.com/doi/full/10.1177/1042258718765163 Article_num:38
https://journals.sagepub.com/doi/full/10.1177/1042258718769055 Article_num:39
http://sage.cnpereading.com/paragraph/article/?doi=10.1177/1042258718773175 Article_num:40
http://sage.cnpereading.com/paragraph/article/?doi=10.1177/1042258718774916 Article_num:41
http://sage.cnpereading.com/paragraph/article/?doi=10.1177/1042258718778547 Article_num:42
http://sage.cnpereading.com/paragraph/article/?doi=10.1177/1042258718779586 Article_num:43
http://sage.cnpereading.com/paragraph/article/?doi=10.1177/1042258718780476 Article_num:44
http://sage.cnpereading.com/paragraph/article/?doi=10.1177/1042258718783486 Article_num:45
http://sage.cnpereading.com/paragraph/article/?doi=10.1177/1042258717750861 Article_num:46
http://sage.cnpereading.com/paragraph/article/?doi=10.1177/1042258717753142 Article_num:47
http://sage.cnpereading.com/paragraph/article/?doi=10.1177/1042258717754202 Article_num:48
http://sage.cnpereading.com/paragraph/article/?doi=10.1177/1042258718757503 Article_num:49
http://sage.cnpereading.com/paragraph/article/?doi=10.1177/1042258718758641 Article_num:50
http://sage.cnpereading.com/paragraph/article/?doi=10.1177/1042258718760840 Article_num:51
http://sage.cnpereading.com/paragraph/article/?doi=10.1177/1042258718764907 Article_num:52
http://sage.cnpereading.com/paragraph/article/?doi=10.1177/1042258717728067 Article_num:53
http://sage.cnpereading.com/paragraph/article/?doi=10.1177/1042258717738247 Article_num:54
http://sage.cnpereading.com/paragraph/article/?doi=10.1177/1042258717739003 Article_num:55
https://journals.sagepub.com/doi/full/10.1177/1042258717736857 Article_num:56
https://journals.sagepub.com/doi/full/10.1177/1042258717738519 Article_num:57
http://sage.cnpereading.com/paragraph/article/?doi=10.1177/1042258717744205 Article_num:58
http://sage.cnpereading.com/paragraph/article/?doi=10.1177/1042258717745808 Article_num:59
http://sage.cnpereading.com/paragraph/article/?doi=10.1177/1042258718816290 Article_num:60
http://sage.cnpereading.com/paragraph/article/?doi=10.1177/1042258718812185 Article_num:61
http://sage.cnpereading.com/paragraph/article/?doi=10.1177/1042258718807696 Article_num:62
http://sage.cnpereading.com/paragraph/article/?doi=10.1177/1042258718807171 Article_num:63
http://sage.cnpereading.com/paragraph/article/?doi=10.1177/1042258718803341 Article_num:64
https://journals.sagepub.com/doi/full/10.1177/1042258718798630 Article_num:65
https://journals.sagepub.com/doi/full/10.1177/1042258718783514 Article_num:66
https://journals.sagepub.com/doi/full/10.1177/1042258718780431 Article_num:67
https://journals.sagepub.com/doi/full/10.1177/1042258717727718 Article_num:68
https://journals.sagepub.com/doi/full/10.1177/1042258717728028 Article_num:69
https://journals.sagepub.com/doi/full/10.1177/1042258717734369 Article_num:70
https://journals.sagepub.com/doi/full/10.1177/1042258717744204 Article_num:71
http://sage.cnpereading.com/paragraph/article/?doi=10.1177/1042258718783430 Article_num:72
http://sage.cnpereading.com/paragraph/article/?doi=10.1177/1042258718783429 Article_num:73
http://sage.cnpereading.com/paragraph/article/?doi=10.1177/1042258718783428 Article_num:74
http://sage.cnpereading.com/paragraph/article/?doi=10.1177/1042258718783431 Article_num:75
http://sage.cnpereading.com/paragraph/article/?doi=10.1177/1042258717747056 Article_num:76
https://journals.sagepub.com/doi/full/10.1177/1042258717732779 Article_num:77
http://sage.cnpereading.com/paragraph/article/?doi=10.1177/1042258717732957 Article_num:78
http://sage.cnpereading.com/paragraph/article/?doi=10.1177/1042258717732778 Article_num:79
http://sage.cnpereading.com/paragraph/article/?doi=10.1177/1042258717732958 Article_num:80
http://sage.cnpereading.com/paragraph/article/?doi=10.1111/etap.12166 Article_num:81
http://sage.cnpereading.com/paragraph/article/?doi=10.1111/etap.12167 Article_num:82
http://sage.cnpereading.com/paragraph/article/?doi=10.1111/etap.12169 Article_num:83
http://sage.cnpereading.com/paragraph/article/?doi=10.1111/etap.12171 Article_num:84
http://sage.cnpereading.com/paragraph/article/?doi=10.1111/etap.12241 Article_num:85
http://sage.cnpereading.com/paragraph/article/?doi=10.1111/etap.12244 Article_num:86
http://sage.cnpereading.com/paragraph/article/?doi=10.1111/etap.12242 Article_num:87
http://sage.cnpereading.com/paragraph/article/?doi=10.1111/etap.12245 Article_num:88
http://sage.cnpereading.com/paragraph/article/?doi=10.1111/etap.12243 Article_num:89
http://sage.cnpereading.com/paragraph/article/?doi=10.1111/etap.12230 Article_num:90
http://sage.cnpereading.com/paragraph/article/?doi=10.1111/etap.12219 Article_num:91
http://sage.cnpereading.com/paragraph/article/?doi=10.1111/etap.12222 Article_num:92
http://sage.cnpereading.com/paragraph/article/?doi=10.1111/etap.12220 Article_num:93
http://sage.cnpereading.com/paragraph/article/?doi=10.1111/etap.12221 Article_num:94
http://sage.cnpereading.com/paragraph/article/?doi=10.1111/etap.12227 Article_num:95
http://sage.cnpereading.com/paragraph/article/?doi=10.1111/etap.12223 Article_num:96
http://sage.cnpereading.com/paragraph/article/?doi=10.1111/etap.12217 Article_num:97
http://sage.cnpereading.com/paragraph/article/?doi=10.1111/etap.12225 Article_num:98
http://sage.cnpereading.com/paragraph/article/?doi=10.1111/etap.12155 Article_num:99
http://sage.cnpereading.com/paragraph/article/?doi=10.1111/etap.12035 Article_num:100
http://sage.cnpereading.com/paragraph/article/?doi=10.1111/etap.12047 Article_num:101
http://sage.cnpereading.com/paragraph/article/?doi=10.1111/etap.12036 Article_num:102
http://sage.cnpereading.com/paragraph/article/?doi=10.1111/etap.12041 Article_num:103
http://sage.cnpereading.com/paragraph/article/?doi=10.1111/etap.12040 Article_num:104
http://sage.cnpereading.com/paragraph/article/?doi=10.1111/etap.12044 Article_num:105
http://sage.cnpereading.com/paragraph/article/?doi=10.1111/etap.12043 Article_num:106
http://sage.cnpereading.com/paragraph/article/?doi=10.1111/etap.12046 Article_num:107
http://sage.cnpereading.com/paragraph/article/?doi=10.1111/etap.12045 Article_num:108
http://sage.cnpereading.com/paragraph/article/?doi=10.1111/etap.12063 Article_num:109
http://sage.cnpereading.com/paragraph/article/?doi=10.1111/etap.12017 Article_num:110
http://sage.cnpereading.com/paragraph/article/?doi=10.1111/etap.12025 Article_num:111
http://sage.cnpereading.com/paragraph/article/?doi=10.1111/etap.12018 Article_num:112
http://sage.cnpereading.com/paragraph/article/?doi=10.1111/etap.12022 Article_num:113
http://sage.cnpereading.com/paragraph/article/?doi=10.1111/etap.12012 Article_num:114
http://sage.cnpereading.com/paragraph/article/?doi=10.1111/etap.12026 Article_num:115
http://sage.cnpereading.com/paragraph/article/?doi=10.1111/etap.12013 Article_num:116
http://sage.cnpereading.com/paragraph/article/?doi=10.1111/etap.12024 Article_num:117
http://sage.cnpereading.com/paragraph/article/?doi=10.1111/etap.12090 Article_num:118
http://sage.cnpereading.com/paragraph/article/?doi=10.1111/j.1540-6520.2011.00488.x Article_num:119
http://sage.cnpereading.com/paragraph/article/?doi=10.1111/j.1540-6520.2011.00462.x Article_num:120
http://sage.cnpereading.com/paragraph/article/?doi=10.1111/j.1540-6520.2011.00460.x Article_num:121
http://sage.cnpereading.com/paragraph/article/?doi=10.1111/j.1540-6520.2011.00467.x Article_num:122
http://sage.cnpereading.com/paragraph/article/?doi=10.1111/j.1540-6520.2011.00466.x Article_num:123
http://sage.cnpereading.com/paragraph/article/?doi=10.1111/j.1540-6520.2011.00461.x Article_num:124
http://sage.cnpereading.com/paragraph/article/?doi=10.1111/j.1540-6520.2011.00459.x Article_num:125
http://sage.cnpereading.com/paragraph/article/?doi=10.1111/j.1540-6520.2011.00470.x Article_num:126
https://journals.sagepub.com/doi/full/10.1111/j.1540-6520.2011.00468.x Article_num:127
http://sage.cnpereading.com/paragraph/article/?doi=10.1111/j.1540-6520.2011.00472.x Article_num:128
https://journals.sagepub.com/doi/full/10.1111/j.1540-6520.2011.00469.x Article_num:129
http://sage.cnpereading.com/paragraph/article/?doi=10.1111/j.1540-6520.2012.00549.x Article_num:130
http://sage.cnpereading.com/paragraph/article/?doi=10.1111/j.1540-6520.2012.00534.x Article_num:131
http://sage.cnpereading.com/paragraph/article/?doi=10.1111/j.1540-6520.2012.00528.x Article_num:132
http://sage.cnpereading.com/paragraph/article/?doi=10.1111/j.1540-6520.2012.00532.x Article_num:133
http://sage.cnpereading.com/paragraph/article/?doi=10.1111/j.1540-6520.2012.00533.x Article_num:134
http://sage.cnpereading.com/paragraph/article/?doi=10.1111/j.1540-6520.2012.00535.x Article_num:135
http://sage.cnpereading.com/paragraph/article/?doi=10.1111/j.1540-6520.2012.00531.x Article_num:136
http://sage.cnpereading.com/paragraph/article/?doi=10.1111/j.1540-6520.2012.00539.x Article_num:137
http://sage.cnpereading.com/paragraph/article/?doi=10.1111/j.1540-6520.2012.00536.x Article_num:138
http://sage.cnpereading.com/paragraph/article/?doi=10.1111/j.1540-6520.2012.00538.x Article_num:139
http://sage.cnpereading.com/paragraph/article/?doi=10.1111/j.1540-6520.2012.00537.x Article_num:140
http://sage.cnpereading.com/paragraph/article/?doi=10.1111/j.1540-6520.2011.00486.x Article_num:141
http://sage.cnpereading.com/paragraph/article/?doi=10.1111/j.1540-6520.2011.00463.x Article_num:142
http://sage.cnpereading.com/paragraph/article/?doi=10.1111/j.1540-6520.2012.00510.x Article_num:143
http://sage.cnpereading.com/paragraph/article/?doi=10.1111/j.1540-6520.2010.00433.x Article_num:144
http://sage.cnpereading.com/paragraph/article/?doi=10.1111/j.1540-6520.2010.00431.x Article_num:145
http://sage.cnpereading.com/paragraph/article/?doi=10.1111/j.1540-6520.2010.00432.x Article_num:146
http://sage.cnpereading.com/paragraph/article/?doi=10.1111/j.1540-6520.2010.00429.x Article_num:147
https://journals.sagepub.com/doi/full/10.1111/j.1540-6520.2010.00430.x Article_num:148
http://sage.cnpereading.com/paragraph/article/?doi=10.1111/j.1540-6520.2011.00456.x Article_num:149
http://sage.cnpereading.com/paragraph/article/?doi=10.1111/j.1540-6520.2011.00452.x Article_num:150
http://sage.cnpereading.com/paragraph/article/?doi=10.1111/j.1540-6520.2010.00436.x Article_num:151
http://sage.cnpereading.com/paragraph/article/?doi=10.1111/j.1540-6520.2010.00435.x Article_num:152
http://sage.cnpereading.com/paragraph/article/?doi=10.1111/j.1540-6520.2010.00434.x Article_num:153
http://sage.cnpereading.com/paragraph/article/?doi=10.1111/j.1540-6520.2012.00504.x Article_num:154
http://sage.cnpereading.com/paragraph/article/?doi=10.1111/j.1540-6520.2012.00503.x Article_num:155
http://sage.cnpereading.com/paragraph/article/?doi=10.1111/j.1540-6520.2012.00509.x Article_num:156
http://sage.cnpereading.com/paragraph/article/?doi=10.1111/j.1540-6520.2012.00508.x Article_num:157
http://sage.cnpereading.com/paragraph/article/?doi=10.1111/j.1540-6520.2012.00506.x Article_num:158
http://sage.cnpereading.com/paragraph/article/?doi=10.1111/j.1540-6520.2012.00507.x Article_num:159
http://sage.cnpereading.com/paragraph/article/?doi=10.1111/j.1540-6520.2012.00505.x Article_num:160
http://sage.cnpereading.com/paragraph/article/?doi=10.1111/j.1540-6520.2011.00464.x Article_num:161
http://sage.cnpereading.com/paragraph/article/?doi=10.1111/j.1540-6520.2012.00502.x Article_num:162
http://sage.cnpereading.com/paragraph/article/?doi=10.1111/j.1540-6520.2010.00404.x Article_num:163
http://sage.cnpereading.com/paragraph/article/?doi=10.1111/j.1540-6520.2010.00410.x Article_num:164
http://sage.cnpereading.com/paragraph/article/?doi=10.1111/j.1540-6520.2010.00407.x Article_num:165
http://sage.cnpereading.com/paragraph/article/?doi=10.1111/j.1540-6520.2010.00406.x Article_num:166
http://sage.cnpereading.com/paragraph/article/?doi=10.1111/j.1540-6520.2010.00400.x Article_num:167
http://sage.cnpereading.com/paragraph/article/?doi=10.1111/j.1540-6520.2010.00402.x Article_num:168
http://sage.cnpereading.com/paragraph/article/?doi=10.1111/j.1540-6520.2010.00403.x Article_num:169
http://sage.cnpereading.com/paragraph/article/?doi=10.1111/j.1540-6520.2010.00411.x Article_num:170
http://sage.cnpereading.com/paragraph/article/?doi=10.1111/j.1540-6520.2010.00408.x Article_num:171
http://sage.cnpereading.com/paragraph/article/?doi=10.1111/j.1540-6520.2011.00501.x Article_num:172
http://sage.cnpereading.com/paragraph/article/?doi=10.1111/j.1540-6520.2011.00471.x Article_num:173
http://sage.cnpereading.com/paragraph/article/?doi=10.1111/j.1540-6520.2011.00458.x Article_num:174
http://sage.cnpereading.com/paragraph/article/?doi=10.1111/j.1540-6520.2011.00481.x Article_num:175
http://sage.cnpereading.com/paragraph/article/?doi=10.1111/j.1540-6520.2011.00490.x Article_num:176
http://sage.cnpereading.com/paragraph/article/?doi=10.1111/j.1540-6520.2011.00476.x Article_num:177
http://sage.cnpereading.com/paragraph/article/?doi=10.1111/j.1540-6520.2010.00437.x Article_num:178
http://sage.cnpereading.com/paragraph/article/?doi=10.1111/j.1540-6520.2011.00491.x Article_num:179
http://sage.cnpereading.com/paragraph/article/?doi=10.1111/j.1540-6520.2011.00493.x Article_num:180
http://sage.cnpereading.com/paragraph/article/?doi=10.1111/j.1540-6520.2011.00494.x Article_num:181
http://sage.cnpereading.com/paragraph/article/?doi=10.1111/j.1540-6520.2011.00495.x Article_num:182
http://sage.cnpereading.com/paragraph/article/?doi=10.1111/j.1540-6520.2011.00496.x Article_num:183
http://sage.cnpereading.com/paragraph/article/?doi=10.1111/j.1540-6520.2011.00497.x Article_num:184
http://sage.cnpereading.com/paragraph/article/?doi=10.1111/j.1540-6520.2011.00498.x Article_num:185
http://sage.cnpereading.com/paragraph/article/?doi=10.1111/j.1540-6520.2011.00499.x Article_num:186
http://sage.cnpereading.com/paragraph/article/?doi=10.1111/j.1540-6520.2011.00500.x Article_num:187
http://sage.cnpereading.com/paragraph/article/?doi=10.1111/j.1540-6520.2011.00482.x Article_num:188
http://sage.cnpereading.com/paragraph/article/?doi=10.1111/j.1540-6520.2011.00457.x Article_num:189
http://sage.cnpereading.com/paragraph/article/?doi=10.1111/j.1540-6520.2011.00451.x Article_num:190
http://sage.cnpereading.com/paragraph/article/?doi=10.1111/j.1540-6520.2011.00454.x Article_num:191
https://journals.sagepub.com/doi/full/10.1111/j.1540-6520.2011.00453.x Article_num:192
http://sage.cnpereading.com/paragraph/article/?doi=10.1111/j.1540-6520.2011.00483.x Article_num:193
http://sage.cnpereading.com/paragraph/article/?doi=10.1111/j.1540-6520.2011.00455.x Article_num:194
http://sage.cnpereading.com/paragraph/article/?doi=10.1111/j.1540-6520.2011.00449.x Article_num:195
http://sage.cnpereading.com/paragraph/article/?doi=10.1111/j.1540-6520.2011.00447.x Article_num:196
http://sage.cnpereading.com/paragraph/article/?doi=10.1111/j.1540-6520.2011.00480.x Article_num:197
http://sage.cnpereading.com/paragraph/article/?doi=10.1111/j.1540-6520.2010.00401.x Article_num:198
http://sage.cnpereading.com/paragraph/article/?doi=10.1111/j.1540-6520.2011.00492.x Article_num:199
http://sage.cnpereading.com/paragraph/article/?doi=10.1111/j.1540-6520.2011.00473.x Article_num:200
http://sage.cnpereading.com/paragraph/article/?doi=10.1111/j.1540-6520.2010.00386.x Article_num:201
http://sage.cnpereading.com/paragraph/article/?doi=10.1111/j.1540-6520.2010.00385.x Article_num:202
http://sage.cnpereading.com/paragraph/article/?doi=10.1111/j.1540-6520.2010.00387.x Article_num:203
http://sage.cnpereading.com/paragraph/article/?doi=10.1111/j.1540-6520.2010.00391.x Article_num:204
http://sage.cnpereading.com/paragraph/article/?doi=10.1111/j.1540-6520.2010.00392.x Article_num:205
http://sage.cnpereading.com/paragraph/article/?doi=10.1111/j.1540-6520.2010.00369.x Article_num:206
http://sage.cnpereading.com/paragraph/article/?doi=10.1111/j.1540-6520.2010.00405.x Article_num:207
http://sage.cnpereading.com/paragraph/article/?doi=10.1111/j.1540-6520.2010.00372.x Article_num:208
http://sage.cnpereading.com/paragraph/article/?doi=10.1111/j.1540-6520.2011.00478.x Article_num:209
http://sage.cnpereading.com/paragraph/article/?doi=10.1111/j.1540-6520.2011.00479.x Article_num:210
http://sage.cnpereading.com/paragraph/article/?doi=10.1111/j.1540-6520.2011.00443.x Article_num:211
http://sage.cnpereading.com/paragraph/article/?doi=10.1111/j.1540-6520.2011.00438.x Article_num:212
http://sage.cnpereading.com/paragraph/article/?doi=10.1111/j.1540-6520.2011.00440.x Article_num:213
http://sage.cnpereading.com/paragraph/article/?doi=10.1111/j.1540-6520.2011.00439.x Article_num:214
http://sage.cnpereading.com/paragraph/article/?doi=10.1111/j.1540-6520.2011.00441.x Article_num:215
http://sage.cnpereading.com/paragraph/article/?doi=10.1111/j.1540-6520.2011.00446.x Article_num:216
http://sage.cnpereading.com/paragraph/article/?doi=10.1111/j.1540-6520.2011.00444.x Article_num:217
http://sage.cnpereading.com/paragraph/article/?doi=10.1111/j.1540-6520.2011.00445.x Article_num:218
http://sage.cnpereading.com/paragraph/article/?doi=10.1111/j.1540-6520.2011.00442.x Article_num:219
http://sage.cnpereading.com/paragraph/article/?doi=10.1111/j.1540-6520.2010.00409.x Article_num:220
http://sage.cnpereading.com/paragraph/article/?doi=10.1111/j.1540-6520.2009.00362.x Article_num:221
http://sage.cnpereading.com/paragraph/article/?doi=10.1111/j.1540-6520.2009.00358.x Article_num:222
http://sage.cnpereading.com/paragraph/article/?doi=10.1111/j.1540-6520.2009.00360.x Article_num:223
http://sage.cnpereading.com/paragraph/article/?doi=10.1111/j.1540-6520.2009.00359.x Article_num:224
http://sage.cnpereading.com/paragraph/article/?doi=10.1111/j.1540-6520.2009.00361.x Article_num:225
http://sage.cnpereading.com/paragraph/article/?doi=10.1111/j.1540-6520.2009.00363.x Article_num:226
http://sage.cnpereading.com/paragraph/article/?doi=10.1111/j.1540-6520.2010.00368.x Article_num:227
http://sage.cnpereading.com/paragraph/article/?doi=10.1111/j.1540-6520.2009.00357.x Article_num:228
http://sage.cnpereading.com/paragraph/article/?doi=10.1111/j.1540-6520.2009.00355.x Article_num:229
http://sage.cnpereading.com/paragraph/article/?doi=10.1111/j.1540-6520.2010.00420.x Article_num:230
http://sage.cnpereading.com/paragraph/article/?doi=10.1111/j.1540-6520.2010.00421.x Article_num:231
http://sage.cnpereading.com/paragraph/article/?doi=10.1111/j.1540-6520.2010.00422.x Article_num:232
http://sage.cnpereading.com/paragraph/article/?doi=10.1111/j.1540-6520.2010.00423.x Article_num:233
http://sage.cnpereading.com/paragraph/article/?doi=10.1111/j.1540-6520.2010.00424.x Article_num:234
http://sage.cnpereading.com/paragraph/article/?doi=10.1111/j.1540-6520.2010.00425.x Article_num:235
http://sage.cnpereading.com/paragraph/article/?doi=10.1111/j.1540-6520.2010.00426.x Article_num:236
http://sage.cnpereading.com/paragraph/article/?doi=10.1111/j.1540-6520.2010.00427.x Article_num:237
http://sage.cnpereading.com/paragraph/article/?doi=10.1111/j.1540-6520.2010.00428.x Article_num:238
http://sage.cnpereading.com/paragraph/article/?doi=10.1111/j.1540-6520.2010.00412.x Article_num:239
http://sage.cnpereading.com/paragraph/article/?doi=10.1111/j.1540-6520.2010.00413.x Article_num:240
http://sage.cnpereading.com/paragraph/article/?doi=10.1111/j.1540-6520.2010.00414.x Article_num:241
http://sage.cnpereading.com/paragraph/article/?doi=10.1111/j.1540-6520.2010.00415.x Article_num:242
http://sage.cnpereading.com/paragraph/article/?doi=10.1111/j.1540-6520.2010.00416.x Article_num:243
http://sage.cnpereading.com/paragraph/article/?doi=10.1111/j.1540-6520.2010.00417.x Article_num:244
http://sage.cnpereading.com/paragraph/article/?doi=10.1111/j.1540-6520.2010.00418.x Article_num:245
http://sage.cnpereading.com/paragraph/article/?doi=10.1111/j.1540-6520.2010.00419.x Article_num:246
http://sage.cnpereading.com/paragraph/article/?doi=10.1111/j.1540-6520.2010.00394.x Article_num:247
http://sage.cnpereading.com/paragraph/article/?doi=10.1111/j.1540-6520.2010.00395.x Article_num:248
http://sage.cnpereading.com/paragraph/article/?doi=10.1111/j.1540-6520.2009.00348.x Article_num:249
http://sage.cnpereading.com/paragraph/article/?doi=10.1111/j.1540-6520.2009.00356.x Article_num:250
http://sage.cnpereading.com/paragraph/article/?doi=10.1111/j.1540-6520.2009.00351.x Article_num:251
http://sage.cnpereading.com/paragraph/article/?doi=10.1111/j.1540-6520.2009.00347.x Article_num:252
http://sage.cnpereading.com/paragraph/article/?doi=10.1111/j.1540-6520.2010.00396.x Article_num:253
http://sage.cnpereading.com/paragraph/article/?doi=10.1111/j.1540-6520.2010.00393.x Article_num:254
http://sage.cnpereading.com/paragraph/article/?doi=10.1111/j.1540-6520.2009.00346.x Article_num:255
http://sage.cnpereading.com/paragraph/article/?doi=10.1111/j.1540-6520.2009.00352.x Article_num:256
http://sage.cnpereading.com/paragraph/article/?doi=10.1111/j.1540-6520.2010.00352_2.x Article_num:257
http://sage.cnpereading.com/paragraph/article/?doi=10.1111/j.1540-6520.2010.00397.x Article_num:258
http://sage.cnpereading.com/paragraph/article/?doi=10.1111/j.1540-6520.2010.00382.x Article_num:259
http://sage.cnpereading.com/paragraph/article/?doi=10.1111/j.1540-6520.2010.00389.x Article_num:260
http://sage.cnpereading.com/paragraph/article/?doi=10.1111/j.1540-6520.2010.00370.x Article_num:261
http://sage.cnpereading.com/paragraph/article/?doi=10.1111/j.1540-6520.2010.00388.x Article_num:262
http://sage.cnpereading.com/paragraph/article/?doi=10.1111/j.1540-6520.2010.00371.x Article_num:263
http://sage.cnpereading.com/paragraph/article/?doi=10.1111/j.1540-6520.2010.00398.x Article_num:264
http://sage.cnpereading.com/paragraph/article/?doi=10.1111/j.1540-6520.2010.00399_1.x Article_num:265
http://sage.cnpereading.com/paragraph/article/?doi=10.1111/j.1540-6520.2010.00399_2.x Article_num:266
http://sage.cnpereading.com/paragraph/article/?doi=10.1111/j.1540-6520.2010.00390.x Article_num:267
http://sage.cnpereading.com/paragraph/article/?doi=10.1111/j.1540-6520.2010.00383.x Article_num:269
http://sage.cnpereading.com/paragraph/article/?doi=10.1111/j.1540-6520.2010.00384.x Article_num:270
http://sage.cnpereading.com/paragraph/article/?doi=10.1111/j.1540-6520.2009.00350.x Article_num:271
http://sage.cnpereading.com/paragraph/article/?doi=10.1111/j.1540-6520.2010.00373.x Article_num:272
http://sage.cnpereading.com/paragraph/article/?doi=10.1111/j.1540-6520.2009.00349.x Article_num:273
http://sage.cnpereading.com/paragraph/article/?doi=10.1111/j.1540-6520.2009.00354.x Article_num:274
http://sage.cnpereading.com/paragraph/article/?doi=10.1111/j.1540-6520.2010.00374.x Article_num:275
http://sage.cnpereading.com/paragraph/article/?doi=10.1111/j.1540-6520.2010.00375.x Article_num:276
http://sage.cnpereading.com/paragraph/article/?doi=10.1111/j.1540-6520.2010.00376.x Article_num:277
http://sage.cnpereading.com/paragraph/article/?doi=10.1111/j.1540-6520.2010.00377.x Article_num:278
http://sage.cnpereading.com/paragraph/article/?doi=10.1111/j.1540-6520.2010.00378.x Article_num:279
http://sage.cnpereading.com/paragraph/article/?doi=10.1111/j.1540-6520.2010.00379.x Article_num:280
http://sage.cnpereading.com/paragraph/article/?doi=10.1111/j.1540-6520.2010.00380_1.x Article_num:281
http://sage.cnpereading.com/paragraph/article/?doi=10.1111/j.1540-6520.2010.00381.x Article_num:282
http://sage.cnpereading.com/paragraph/article/?doi=10.1111/j.1540-6520.2009.00365.x Article_num:283
http://sage.cnpereading.com/paragraph/article/?doi=10.1111/j.1540-6520.2009.00311.x Article_num:284
http://sage.cnpereading.com/paragraph/article/?doi=10.1111/j.1540-6520.2009.00313.x Article_num:285
http://sage.cnpereading.com/paragraph/article/?doi=10.1111/j.1540-6520.2009.00366.x Article_num:286
http://sage.cnpereading.com/paragraph/article/?doi=10.1111/j.1540-6520.2009.00314.x Article_num:287
http://sage.cnpereading.com/paragraph/article/?doi=10.1111/j.1540-6520.2009.00316.x Article_num:288
http://sage.cnpereading.com/paragraph/article/?doi=10.1111/j.1540-6520.2009.00367.x Article_num:289
http://sage.cnpereading.com/paragraph/article/?doi=10.1111/j.1540-6520.2009.00307.x Article_num:290
http://sage.cnpereading.com/paragraph/article/?doi=10.1111/j.1540-6520.2009.00312.x Article_num:291
http://sage.cnpereading.com/paragraph/article/?doi=10.1111/j.1540-6520.2009.00315.x Article_num:292
http://sage.cnpereading.com/paragraph/article/?doi=10.1111/j.1540-6520.2009.00338.x Article_num:293
http://sage.cnpereading.com/paragraph/article/?doi=10.1111/j.1540-6520.2009.00339.x Article_num:294
http://sage.cnpereading.com/paragraph/article/?doi=10.1111/j.1540-6520.2009.00340.x Article_num:295
http://sage.cnpereading.com/paragraph/article/?doi=10.1111/j.1540-6520.2009.00341.x Article_num:296
http://sage.cnpereading.com/paragraph/article/?doi=10.1111/j.1540-6520.2009.00342.x Article_num:297
http://sage.cnpereading.com/paragraph/article/?doi=10.1111/j.1540-6520.2009.00343.x Article_num:298
http://sage.cnpereading.com/paragraph/article/?doi=10.1111/j.1540-6520.2009.00344.x Article_num:299
http://sage.cnpereading.com/paragraph/article/?doi=10.1111/j.1540-6520.2009.00345.x Article_num:300
http://sage.cnpereading.com/paragraph/article/?doi=10.1111/j.1540-6520.2009.00332.x Article_num:301
http://sage.cnpereading.com/paragraph/article/?doi=10.1111/j.1540-6520.2009.00333.x Article_num:302
http://sage.cnpereading.com/paragraph/article/?doi=10.1111/j.1540-6520.2009.00334.x Article_num:303
http://sage.cnpereading.com/paragraph/article/?doi=10.1111/j.1540-6520.2009.00335.x Article_num:304
http://sage.cnpereading.com/paragraph/article/?doi=10.1111/j.1540-6520.2009.00336.x Article_num:305
http://sage.cnpereading.com/paragraph/article/?doi=10.1111/j.1540-6520.2009.00337.x Article_num:306
http://sage.cnpereading.com/paragraph/article/?doi=10.1111/j.1540-6520.2009.00328.x Article_num:307
http://sage.cnpereading.com/paragraph/article/?doi=10.1111/j.1540-6520.2009.00329.x Article_num:308
http://sage.cnpereading.com/paragraph/article/?doi=10.1111/j.1540-6520.2009.00330.x Article_num:309
http://sage.cnpereading.com/paragraph/article/?doi=10.1111/j.1540-6520.2009.00331.x Article_num:310
http://sage.cnpereading.com/paragraph/article/?doi=10.1111/j.1540-6520.2009.00309.x Article_num:311
http://sage.cnpereading.com/paragraph/article/?doi=10.1111/j.1540-6520.2009.00306.x Article_num:312
http://sage.cnpereading.com/paragraph/article/?doi=10.1111/j.1540-6520.2009.00310.x Article_num:313
http://sage.cnpereading.com/paragraph/article/?doi=10.1111/j.1540-6520.2009.00304.x Article_num:314
http://sage.cnpereading.com/paragraph/article/?doi=10.1111/j.1540-6520.2009.00305_1.x Article_num:315
http://sage.cnpereading.com/paragraph/article/?doi=10.1111/j.1540-6520.2009.00305_2.x Article_num:316
http://sage.cnpereading.com/paragraph/article/?doi=10.1111/j.1540-6520.2009.00317.x Article_num:317
http://sage.cnpereading.com/paragraph/article/?doi=10.1111/j.1540-6520.2009.00318.x Article_num:318
http://sage.cnpereading.com/paragraph/article/?doi=10.1111/j.1540-6520.2009.00319.x Article_num:319
http://sage.cnpereading.com/paragraph/article/?doi=10.1111/j.1540-6520.2009.00320.x Article_num:320
http://sage.cnpereading.com/paragraph/article/?doi=10.1111/j.1540-6520.2009.00321.x Article_num:321
http://sage.cnpereading.com/paragraph/article/?doi=10.1111/j.1540-6520.2009.00322.x Article_num:322
http://sage.cnpereading.com/paragraph/article/?doi=10.1111/j.1540-6520.2009.00323.x Article_num:323
http://sage.cnpereading.com/paragraph/article/?doi=10.1111/j.1540-6520.2009.00324.x Article_num:324
http://sage.cnpereading.com/paragraph/article/?doi=10.1111/j.1540-6520.2009.00308.x Article_num:325
http://sage.cnpereading.com/paragraph/article/?doi=10.1111/j.1540-6520.2009.00325.x Article_num:326
http://sage.cnpereading.com/paragraph/article/?doi=10.1111/j.1540-6520.2009.00326.x Article_num:327
http://sage.cnpereading.com/paragraph/article/?doi=10.1111/j.1540-6520.2009.00327.x Article_num:328
http://sage.cnpereading.com/paragraph/article/?doi=10.1111/j.1540-6520.2009.00294.x Article_num:329
http://sage.cnpereading.com/paragraph/article/?doi=10.1111/j.1540-6520.2009.00295.x Article_num:330
http://sage.cnpereading.com/paragraph/article/?doi=10.1111/j.1540-6520.2009.00296.x Article_num:331
http://sage.cnpereading.com/paragraph/article/?doi=10.1111/j.1540-6520.2009.00297.x Article_num:332
http://sage.cnpereading.com/paragraph/article/?doi=10.1111/j.1540-6520.2009.00298.x Article_num:333
http://sage.cnpereading.com/paragraph/article/?doi=10.1111/j.1540-6520.2009.00299.x Article_num:334
http://sage.cnpereading.com/paragraph/article/?doi=10.1111/j.1540-6520.2009.00300.x Article_num:335
http://sage.cnpereading.com/paragraph/article/?doi=10.1111/j.1540-6520.2009.00301.x Article_num:336
http://sage.cnpereading.com/paragraph/article/?doi=10.1111/j.1540-6520.2009.00302.x Article_num:337
http://sage.cnpereading.com/paragraph/article/?doi=10.1111/j.1540-6520.2009.00303.x Article_num:338
http://sage.cnpereading.com/paragraph/article/?doi=10.1111/j.1540-6520.2008.00278.x Article_num:339
http://sage.cnpereading.com/paragraph/article/?doi=10.1111/j.1540-6520.2008.00279.x Article_num:340
http://sage.cnpereading.com/paragraph/article/?doi=10.1111/j.1540-6520.2008.00280.x Article_num:341
http://sage.cnpereading.com/paragraph/article/?doi=10.1111/j.1540-6520.2008.00281.x Article_num:342
http://sage.cnpereading.com/paragraph/article/?doi=10.1111/j.1540-6520.2008.00282.x Article_num:343
http://sage.cnpereading.com/paragraph/article/?doi=10.1111/j.1540-6520.2008.00283.x Article_num:344
http://sage.cnpereading.com/paragraph/article/?doi=10.1111/j.1540-6520.2008.00284.x Article_num:345
http://sage.cnpereading.com/paragraph/article/?doi=10.1111/j.1540-6520.2008.00285.x Article_num:346
http://sage.cnpereading.com/paragraph/article/?doi=10.1111/j.1540-6520.2008.00286.x Article_num:347
http://sage.cnpereading.com/paragraph/article/?doi=10.1111/j.1540-6520.2008.00287.x Article_num:348
http://sage.cnpereading.com/paragraph/article/?doi=10.1111/j.1540-6520.2008.00288.x Article_num:349
http://sage.cnpereading.com/paragraph/article/?doi=10.1111/j.1540-6520.2008.00289.x Article_num:350
http://sage.cnpereading.com/paragraph/article/?doi=10.1111/j.1540-6520.2008.00290.x Article_num:351
http://sage.cnpereading.com/paragraph/article/?doi=10.1111/j.1540-6520.2008.00291.x Article_num:352
http://sage.cnpereading.com/paragraph/article/?doi=10.1111/j.1540-6520.2008.00292.x Article_num:353
http://sage.cnpereading.com/paragraph/article/?doi=10.1111/j.1540-6520.2008.00293.x Article_num:354
http://sage.cnpereading.com/paragraph/article/?doi=10.1111/j.1540-6520.2008.00264.x Article_num:355
http://sage.cnpereading.com/paragraph/article/?doi=10.1111/j.1540-6520.2008.00265.x Article_num:356
http://sage.cnpereading.com/paragraph/article/?doi=10.1111/j.1540-6520.2008.00266.x Article_num:357
http://sage.cnpereading.com/paragraph/article/?doi=10.1111/j.1540-6520.2008.00267.x Article_num:358
http://sage.cnpereading.com/paragraph/article/?doi=10.1111/j.1540-6520.2008.00268.x Article_num:359
http://sage.cnpereading.com/paragraph/article/?doi=10.1111/j.1540-6520.2008.00269.x Article_num:360
http://sage.cnpereading.com/paragraph/article/?doi=10.1111/j.1540-6520.2008.00270.x Article_num:361
http://sage.cnpereading.com/paragraph/article/?doi=10.1111/j.1540-6520.2008.00271.x Article_num:362
http://sage.cnpereading.com/paragraph/article/?doi=10.1111/j.1540-6520.2008.00272.x Article_num:363
http://sage.cnpereading.com/paragraph/article/?doi=10.1111/j.1540-6520.2008.00273.x Article_num:364
http://sage.cnpereading.com/paragraph/article/?doi=10.1111/j.1540-6520.2008.00274.x Article_num:365
http://sage.cnpereading.com/paragraph/article/?doi=10.1111/j.1540-6520.2008.00275.x Article_num:366
http://sage.cnpereading.com/paragraph/article/?doi=10.1111/j.1540-6520.2008.00276.x Article_num:367
http://sage.cnpereading.com/paragraph/article/?doi=10.1111/j.1540-6520.2008.00277.x Article_num:368
http://sage.cnpereading.com/paragraph/article/?doi=10.1111/j.1540-6520.2008.00255.x Article_num:369
http://sage.cnpereading.com/paragraph/article/?doi=10.1111/j.1540-6520.2008.00256.x Article_num:370
http://sage.cnpereading.com/paragraph/article/?doi=10.1111/j.1540-6520.2008.00257.x Article_num:371
http://sage.cnpereading.com/paragraph/article/?doi=10.1111/j.1540-6520.2008.00258.x Article_num:372
http://sage.cnpereading.com/paragraph/article/?doi=10.1111/j.1540-6520.2008.00259.x Article_num:373
http://sage.cnpereading.com/paragraph/article/?doi=10.1111/j.1540-6520.2008.00260.x Article_num:374
http://sage.cnpereading.com/paragraph/article/?doi=10.1111/j.1540-6520.2008.00261.x Article_num:375
http://sage.cnpereading.com/paragraph/article/?doi=10.1111/j.1540-6520.2008.00262.x Article_num:376
http://sage.cnpereading.com/paragraph/article/?doi=10.1111/j.1540-6520.2008.00263.x Article_num:377
http://sage.cnpereading.com/paragraph/article/?doi=10.1111/j.1540-6520.2008.00244.x Article_num:378
http://sage.cnpereading.com/paragraph/article/?doi=10.1111/j.1540-6520.2008.00245.x Article_num:379
http://sage.cnpereading.com/paragraph/article/?doi=10.1111/j.1540-6520.2008.00246.x Article_num:380
http://sage.cnpereading.com/paragraph/article/?doi=10.1111/j.1540-6520.2008.00247.x Article_num:381
http://sage.cnpereading.com/paragraph/article/?doi=10.1111/j.1540-6520.2008.00248.x Article_num:382
http://sage.cnpereading.com/paragraph/article/?doi=10.1111/j.1540-6520.2008.00249.x Article_num:383
http://sage.cnpereading.com/paragraph/article/?doi=10.1111/j.1540-6520.2008.00250.x Article_num:384
http://sage.cnpereading.com/paragraph/article/?doi=10.1111/j.1540-6520.2008.00251.x Article_num:385
http://sage.cnpereading.com/paragraph/article/?doi=10.1111/j.1540-6520.2008.00252.x Article_num:386
http://sage.cnpereading.com/paragraph/article/?doi=10.1111/j.1540-6520.2008.00253.x Article_num:387
http://sage.cnpereading.com/paragraph/article/?doi=10.1111/j.1540-6520.2008.00254.x Article_num:388
http://sage.cnpereading.com/paragraph/article/?doi=10.1111/j.1540-6520.2008.00233.x Article_num:389
http://sage.cnpereading.com/paragraph/article/?doi=10.1111/j.1540-6520.2008.00234.x Article_num:390
http://sage.cnpereading.com/paragraph/article/?doi=10.1111/j.1540-6520.2008.00235.x Article_num:391
http://sage.cnpereading.com/paragraph/article/?doi=10.1111/j.1540-6520.2008.00236.x Article_num:392
http://sage.cnpereading.com/paragraph/article/?doi=10.1111/j.1540-6520.2008.00237.x Article_num:393
http://sage.cnpereading.com/paragraph/article/?doi=10.1111/j.1540-6520.2008.00238.x Article_num:394
http://sage.cnpereading.com/paragraph/article/?doi=10.1111/j.1540-6520.2008.00239.x Article_num:395
http://sage.cnpereading.com/paragraph/article/?doi=10.1111/j.1540-6520.2008.00240.x Article_num:396
http://sage.cnpereading.com/paragraph/article/?doi=10.1111/j.1540-6520.2008.00241.x Article_num:397
http://sage.cnpereading.com/paragraph/article/?doi=10.1111/j.1540-6520.2008.00242.x Article_num:398
http://sage.cnpereading.com/paragraph/article/?doi=10.1111/j.1540-6520.2008.00243.x Article_num:399
http://sage.cnpereading.com/paragraph/article/?doi=10.1111/j.1540-6520.2007.00224.x Article_num:400
http://sage.cnpereading.com/paragraph/article/?doi=10.1111/j.1540-6520.2007.00225.x Article_num:401
http://sage.cnpereading.com/paragraph/article/?doi=10.1111/j.1540-6520.2007.00226.x Article_num:402
http://sage.cnpereading.com/paragraph/article/?doi=10.1111/j.1540-6520.2007.00227.x Article_num:403
http://sage.cnpereading.com/paragraph/article/?doi=10.1111/j.1540-6520.2007.00228.x Article_num:404
http://sage.cnpereading.com/paragraph/article/?doi=10.1111/j.1540-6520.2007.00229.x Article_num:405
http://sage.cnpereading.com/paragraph/article/?doi=10.1111/j.1540-6520.2007.00230.x Article_num:406
http://sage.cnpereading.com/paragraph/article/?doi=10.1111/j.1540-6520.2007.00231.x Article_num:407
http://sage.cnpereading.com/paragraph/article/?doi=10.1111/j.1540-6520.2007.00232.x Article_num:408
http://sage.cnpereading.com/paragraph/article/?doi=10.1111/j.1540-6520.2007.00213.x Article_num:409
http://sage.cnpereading.com/paragraph/article/?doi=10.1111/j.1540-6520.2007.00214.x Article_num:410
http://sage.cnpereading.com/paragraph/article/?doi=10.1111/j.1540-6520.2007.00215.x Article_num:411
http://sage.cnpereading.com/paragraph/article/?doi=10.1111/j.1540-6520.2007.00216.x Article_num:412
http://sage.cnpereading.com/paragraph/article/?doi=10.1111/j.1540-6520.2007.00217.x Article_num:413
http://sage.cnpereading.com/paragraph/article/?doi=10.1111/j.1540-6520.2007.00218.x Article_num:414
http://sage.cnpereading.com/paragraph/article/?doi=10.1111/j.1540-6520.2007.00219.x Article_num:415
https://journals.sagepub.com/doi/full/10.1111/j.1540-6520.2007.00220.x Article_num:416
http://sage.cnpereading.com/paragraph/article/?doi=10.1111/j.1540-6520.2007.00221.x Article_num:417
http://sage.cnpereading.com/paragraph/article/?doi=10.1111/j.1540-6520.2007.00222.x Article_num:418
http://sage.cnpereading.com/paragraph/article/?doi=10.1111/j.1540-6520.2007.00223.x Article_num:419
http://sage.cnpereading.com/paragraph/article/?doi=10.1111/j.1540-6520.2007.00202.x Article_num:420
http://sage.cnpereading.com/paragraph/article/?doi=10.1111/j.1540-6520.2007.00209.x Article_num:421
http://sage.cnpereading.com/paragraph/article/?doi=10.1111/j.1540-6520.2007.00208.x Article_num:422
http://sage.cnpereading.com/paragraph/article/?doi=10.1111/j.1540-6520.2007.00205.x Article_num:423
http://sage.cnpereading.com/paragraph/article/?doi=10.1111/j.1540-6520.2007.00210.x Article_num:424
http://sage.cnpereading.com/paragraph/article/?doi=10.1111/j.1540-6520.2007.00206.x Article_num:425
http://sage.cnpereading.com/paragraph/article/?doi=10.1111/j.1540-6520.2007.00203.x Article_num:426
http://sage.cnpereading.com/paragraph/article/?doi=10.1111/j.1540-6520.2007.00207.x Article_num:427
http://sage.cnpereading.com/paragraph/article/?doi=10.1111/j.1540-6520.2007.00204.x Article_num:428
http://sage.cnpereading.com/paragraph/article/?doi=10.1111/j.1540-6520.2007.00211.x Article_num:429
http://sage.cnpereading.com/paragraph/article/?doi=10.1111/j.1540-6520.2007.00201.x Article_num:430
http://sage.cnpereading.com/paragraph/article/?doi=10.1111/j.1540-6520.2007.00212.x Article_num:431
http://sage.cnpereading.com/paragraph/article/?doi=10.1111/j.1540-6520.2007.00194.x Article_num:432
http://sage.cnpereading.com/paragraph/article/?doi=10.1111/j.1540-6520.2007.00195.x Article_num:433
http://sage.cnpereading.com/paragraph/article/?doi=10.1111/j.1540-6520.2007.00196.x Article_num:434
http://sage.cnpereading.com/paragraph/article/?doi=10.1111/j.1540-6520.2007.00197.x Article_num:435
http://sage.cnpereading.com/paragraph/article/?doi=10.1111/j.1540-6520.2007.00198.x Article_num:436
http://sage.cnpereading.com/paragraph/article/?doi=10.1111/j.1540-6520.2007.00199.x Article_num:437
http://sage.cnpereading.com/paragraph/article/?doi=10.1111/j.1540-6520.2007.00200.x Article_num:438
http://sage.cnpereading.com/paragraph/article/?doi=10.1111/j.1540-6520.2007.00185.x Article_num:439
http://sage.cnpereading.com/paragraph/article/?doi=10.1111/j.1540-6520.2007.00186.x Article_num:440
http://sage.cnpereading.com/paragraph/article/?doi=10.1111/j.1540-6520.2007.00187.x Article_num:441
http://sage.cnpereading.com/paragraph/article/?doi=10.1111/j.1540-6520.2007.00188.x Article_num:442
http://sage.cnpereading.com/paragraph/article/?doi=10.1111/j.1540-6520.2007.00189.x Article_num:443
http://sage.cnpereading.com/paragraph/article/?doi=10.1111/j.1540-6520.2007.00190.x Article_num:444
http://sage.cnpereading.com/paragraph/article/?doi=10.1111/j.1540-6520.2007.00191.x Article_num:445
http://sage.cnpereading.com/paragraph/article/?doi=10.1111/j.1540-6520.2007.00192.x Article_num:446
http://sage.cnpereading.com/paragraph/article/?doi=10.1111/j.1540-6520.2007.00193.x Article_num:447
http://sage.cnpereading.com/paragraph/article/?doi=10.1111/j.1540-6520.2007.00176.x Article_num:448
http://sage.cnpereading.com/paragraph/article/?doi=10.1111/j.1540-6520.2007.00177.x Article_num:449
http://sage.cnpereading.com/paragraph/article/?doi=10.1111/j.1540-6520.2007.00178.x Article_num:450
http://sage.cnpereading.com/paragraph/article/?doi=10.1111/j.1540-6520.2007.00179.x Article_num:451
http://sage.cnpereading.com/paragraph/article/?doi=10.1111/j.1540-6520.2007.00180.x Article_num:452
http://sage.cnpereading.com/paragraph/article/?doi=10.1111/j.1540-6520.2007.00181.x Article_num:453
http://sage.cnpereading.com/paragraph/article/?doi=10.1111/j.1540-6520.2007.00182.x Article_num:454
http://sage.cnpereading.com/paragraph/article/?doi=10.1111/j.1540-6520.2007.00183.x Article_num:455
http://sage.cnpereading.com/paragraph/article/?doi=10.1111/j.1540-6520.2007.00184.x Article_num:456
http://sage.cnpereading.com/paragraph/article/?doi=10.1111/j.1540-6520.2007.00167.x Article_num:457
https://journals.sagepub.com/doi/full/10.1111/j.1540-6520.2007.00168.x Article_num:458
http://sage.cnpereading.com/paragraph/article/?doi=10.1111/j.1540-6520.2007.00169.x Article_num:459
http://sage.cnpereading.com/paragraph/article/?doi=10.1111/j.1540-6520.2007.00170.x Article_num:460
http://sage.cnpereading.com/paragraph/article/?doi=10.1111/j.1540-6520.2007.00171.x Article_num:461
http://sage.cnpereading.com/paragraph/article/?doi=10.1111/j.1540-6520.2007.00172.x Article_num:462
http://sage.cnpereading.com/paragraph/article/?doi=10.1111/j.1540-6520.2007.00173.x Article_num:463
http://sage.cnpereading.com/paragraph/article/?doi=10.1111/j.1540-6520.2007.00174.x Article_num:464
http://sage.cnpereading.com/paragraph/article/?doi=10.1111/j.1540-6520.2007.00175.x Article_num:465
http://sage.cnpereading.com/paragraph/article/?doi=10.1111/j.1540-6520.2007.00160.x Article_num:466
http://sage.cnpereading.com/paragraph/article/?doi=10.1111/j.1540-6520.2007.00161.x Article_num:467
http://sage.cnpereading.com/paragraph/article/?doi=10.1111/j.1540-6520.2007.00162.x Article_num:468
http://sage.cnpereading.com/paragraph/article/?doi=10.1111/j.1540-6520.2007.00163.x Article_num:469
http://sage.cnpereading.com/paragraph/article/?doi=10.1111/j.1540-6520.2007.00164.x Article_num:470
http://sage.cnpereading.com/paragraph/article/?doi=10.1111/j.1540-6520.2007.00165.x Article_num:471
http://sage.cnpereading.com/paragraph/article/?doi=10.1111/j.1540-6520.2007.00166.x Article_num:472
http://sage.cnpereading.com/paragraph/article/?doi=10.1111/j.1540-6520.2006.00145.x Article_num:473
http://sage.cnpereading.com/paragraph/article/?doi=10.1111/j.1540-6520.2006.00146.x Article_num:474
http://sage.cnpereading.com/paragraph/article/?doi=10.1111/j.1540-6520.2006.00147.x Article_num:475
http://sage.cnpereading.com/paragraph/article/?doi=10.1111/j.1540-6520.2006.00148.x Article_num:476
http://sage.cnpereading.com/paragraph/article/?doi=10.1111/j.1540-6520.2006.00149.x Article_num:477
http://sage.cnpereading.com/paragraph/article/?doi=10.1111/j.1540-6520.2006.00150.x Article_num:478
http://sage.cnpereading.com/paragraph/article/?doi=10.1111/j.1540-6520.2006.00151.x Article_num:479
http://sage.cnpereading.com/paragraph/article/?doi=10.1111/j.1540-6520.2006.00152.x Article_num:480
http://sage.cnpereading.com/paragraph/article/?doi=10.1111/j.1540-6520.2006.00153.x Article_num:481
http://sage.cnpereading.com/paragraph/article/?doi=10.1111/j.1540-6520.2006.00154.x Article_num:482
http://sage.cnpereading.com/paragraph/article/?doi=10.1111/j.1540-6520.2006.00155.x Article_num:483
http://sage.cnpereading.com/paragraph/article/?doi=10.1111/j.1540-6520.2006.00156.x Article_num:484
http://sage.cnpereading.com/paragraph/article/?doi=10.1111/j.1540-6520.2006.00157.x Article_num:485
http://sage.cnpereading.com/paragraph/article/?doi=10.1111/j.1540-6520.2006.00158.x Article_num:486
http://sage.cnpereading.com/paragraph/article/?doi=10.1111/j.1540-6520.2006.00159.x Article_num:487
http://sage.cnpereading.com/paragraph/article/?doi=10.1111/j.1540-6520.2006.00137.x Article_num:488
http://sage.cnpereading.com/paragraph/article/?doi=10.1111/j.1540-6520.2006.00138.x Article_num:489
http://sage.cnpereading.com/paragraph/article/?doi=10.1111/j.1540-6520.2006.00139.x Article_num:490
http://sage.cnpereading.com/paragraph/article/?doi=10.1111/j.1540-6520.2006.00140.x Article_num:491
http://sage.cnpereading.com/paragraph/article/?doi=10.1111/j.1540-6520.2006.00141.x Article_num:492
http://sage.cnpereading.com/paragraph/article/?doi=10.1111/j.1540-6520.2006.00142.x Article_num:493
http://sage.cnpereading.com/paragraph/article/?doi=10.1111/j.1540-6520.2006.00143.x Article_num:494
http://sage.cnpereading.com/paragraph/article/?doi=10.1111/j.1540-6520.2006.00144.x Article_num:495
http://sage.cnpereading.com/paragraph/article/?doi=10.1111/j.1540-6520.2006.00130.x Article_num:496
http://sage.cnpereading.com/paragraph/article/?doi=10.1111/j.1540-6520.2006.00131.x Article_num:497
http://sage.cnpereading.com/paragraph/article/?doi=10.1111/j.1540-6520.2006.00132.x Article_num:498
http://sage.cnpereading.com/paragraph/article/?doi=10.1111/j.1540-6520.2006.00133.x Article_num:499
http://sage.cnpereading.com/paragraph/article/?doi=10.1111/j.1540-6520.2006.00134.x Article_num:500
http://sage.cnpereading.com/paragraph/article/?doi=10.1111/j.1540-6520.2006.00135.x Article_num:501
http://sage.cnpereading.com/paragraph/article/?doi=10.1111/j.1540-6520.2006.00136.x Article_num:502
http://sage.cnpereading.com/paragraph/article/?doi=10.1111/j.1540-6520.2006.00123.x Article_num:503
http://sage.cnpereading.com/paragraph/article/?doi=10.1111/j.1540-6520.2006.00124.x Article_num:504
http://sage.cnpereading.com/paragraph/article/?doi=10.1111/j.1540-6520.2006.00125.x Article_num:505
http://sage.cnpereading.com/paragraph/article/?doi=10.1111/j.1540-6520.2006.00126.x Article_num:506
http://sage.cnpereading.com/paragraph/article/?doi=10.1111/j.1540-6520.2006.00127.x Article_num:507
http://sage.cnpereading.com/paragraph/article/?doi=10.1111/j.1540-6520.2006.00128.x Article_num:508
http://sage.cnpereading.com/paragraph/article/?doi=10.1111/j.1540-6520.2006.00129.x Article_num:509
http://sage.cnpereading.com/paragraph/article/?doi=10.1111/j.1540-6520.2006.00114.x Article_num:510
http://sage.cnpereading.com/paragraph/article/?doi=10.1111/j.1540-6520.2006.00115.x Article_num:511
http://sage.cnpereading.com/paragraph/article/?doi=10.1111/j.1540-6520.2006.00116.x Article_num:512
http://sage.cnpereading.com/paragraph/article/?doi=10.1111/j.1540-6520.2006.00117.x Article_num:513
http://sage.cnpereading.com/paragraph/article/?doi=10.1111/j.1540-6520.2006.00118.x Article_num:514
http://sage.cnpereading.com/paragraph/article/?doi=10.1111/j.1540-6520.2006.00119.x Article_num:515
http://sage.cnpereading.com/paragraph/article/?doi=10.1111/j.1540-6520.2006.00120.x Article_num:516
http://sage.cnpereading.com/paragraph/article/?doi=10.1111/j.1540-6520.2006.00121.x Article_num:517
http://sage.cnpereading.com/paragraph/article/?doi=10.1111/j.1540-6520.2006.00122.x Article_num:518
http://sage.cnpereading.com/paragraph/article/?doi=10.1111/j.1540-6520.2006.00107.x Article_num:519
http://sage.cnpereading.com/paragraph/article/?doi=10.1111/j.1540-6520.2006.00108.x Article_num:520
http://sage.cnpereading.com/paragraph/article/?doi=10.1111/j.1540-6520.2006.00109.x Article_num:521
http://sage.cnpereading.com/paragraph/article/?doi=10.1111/j.1540-6520.2006.00110.x Article_num:522
http://sage.cnpereading.com/paragraph/article/?doi=10.1111/j.1540-6520.2006.00111.x Article_num:523
http://sage.cnpereading.com/paragraph/article/?doi=10.1111/j.1540-6520.2006.00112.x Article_num:524
http://sage.cnpereading.com/paragraph/article/?doi=10.1111/j.1540-6520.2006.00113.x Article_num:525
http://sage.cnpereading.com/paragraph/article/?doi=10.1111/j.1540-6520.2005.00102.x Article_num:526
http://sage.cnpereading.com/paragraph/article/?doi=10.1111/j.1540-6520.2005.00103.x Article_num:527
http://sage.cnpereading.com/paragraph/article/?doi=10.1111/j.1540-6520.2005.00104.x Article_num:528
http://sage.cnpereading.com/paragraph/article/?doi=10.1111/j.1540-6520.2005.00105.x Article_num:529
http://sage.cnpereading.com/paragraph/article/?doi=10.1111/j.1540-6520.2005.00106.x Article_num:530
http://sage.cnpereading.com/paragraph/article/?doi=10.1111/j.1540-6520.2005.00097.x Article_num:531
http://sage.cnpereading.com/paragraph/article/?doi=10.1111/j.1540-6520.2005.00098.x Article_num:532
http://sage.cnpereading.com/paragraph/article/?doi=10.1111/j.1540-6520.2005.00099.x Article_num:533
http://sage.cnpereading.com/paragraph/article/?doi=10.1111/j.1540-6520.2005.00100.x Article_num:534
http://sage.cnpereading.com/paragraph/article/?doi=10.1111/j.1540-6520.2005.00101.x Article_num:535
http://sage.cnpereading.com/paragraph/article/?doi=10.1111/j.1540-6520.2005.00089.x Article_num:536
http://sage.cnpereading.com/paragraph/article/?doi=10.1111/j.1540-6520.2005.00090.x Article_num:537
http://sage.cnpereading.com/paragraph/article/?doi=10.1111/j.1540-6520.2005.00091.x Article_num:538
http://sage.cnpereading.com/paragraph/article/?doi=10.1111/j.1540-6520.2005.00092.x Article_num:539
http://sage.cnpereading.com/paragraph/article/?doi=10.1111/j.1540-6520.2005.00093.x Article_num:540
http://sage.cnpereading.com/paragraph/article/?doi=10.1111/j.1540-6520.2005.00094.x Article_num:541
http://sage.cnpereading.com/paragraph/article/?doi=10.1111/j.1540-6520.2005.00095.x Article_num:542
http://sage.cnpereading.com/paragraph/article/?doi=10.1111/j.1540-6520.2005.00096.x Article_num:543
http://sage.cnpereading.com/paragraph/article/?doi=10.1111/j.1540-6520.2005.00080.x Article_num:544
http://sage.cnpereading.com/paragraph/article/?doi=10.1111/j.1540-6520.2005.00081.x Article_num:545
http://sage.cnpereading.com/paragraph/article/?doi=10.1111/j.1540-6520.2005.00082.x Article_num:546
http://sage.cnpereading.com/paragraph/article/?doi=10.1111/j.1540-6520.2005.00083.x Article_num:547
http://sage.cnpereading.com/paragraph/article/?doi=10.1111/j.1540-6520.2005.00084.x Article_num:548
http://sage.cnpereading.com/paragraph/article/?doi=10.1111/j.1540-6520.2005.00085.x Article_num:549
http://sage.cnpereading.com/paragraph/article/?doi=10.1111/j.1540-6520.2005.00086.x Article_num:550
http://sage.cnpereading.com/paragraph/article/?doi=10.1111/j.1540-6520.2005.00087.x Article_num:551
http://sage.cnpereading.com/paragraph/article/?doi=10.1111/j.1540-6520.2005.00088.x Article_num:552
http://sage.cnpereading.com/paragraph/article/?doi=10.1111/j.1540-6520.2005.00073.x Article_num:553
http://sage.cnpereading.com/paragraph/article/?doi=10.1111/j.1540-6520.2005.00074.x Article_num:554
http://sage.cnpereading.com/paragraph/article/?doi=10.1111/j.1540-6520.2005.00075.x Article_num:555
http://sage.cnpereading.com/paragraph/article/?doi=10.1111/j.1540-6520.2005.00076.x Article_num:556
http://sage.cnpereading.com/paragraph/article/?doi=10.1111/j.1540-6520.2005.00077.x Article_num:557
http://sage.cnpereading.com/paragraph/article/?doi=10.1111/j.1540-6520.2005.00078.x Article_num:558
http://sage.cnpereading.com/paragraph/article/?doi=10.1111/j.1540-6520.2005.00079.x Article_num:559
http://sage.cnpereading.com/paragraph/article/?doi=10.1111/j.1540-6520.2005.00066.x Article_num:560
http://sage.cnpereading.com/paragraph/article/?doi=10.1111/j.1540-6520.2005.00067.x Article_num:561
http://sage.cnpereading.com/paragraph/article/?doi=10.1111/j.1540-6520.2005.00068.x Article_num:562
http://sage.cnpereading.com/paragraph/article/?doi=10.1111/j.1540-6520.2005.00069.x Article_num:563
http://sage.cnpereading.com/paragraph/article/?doi=10.1111/j.1540-6520.2005.00070.x Article_num:564
http://sage.cnpereading.com/paragraph/article/?doi=10.1111/j.1540-6520.2005.00071.x Article_num:565
http://sage.cnpereading.com/paragraph/article/?doi=10.1111/j.1540-6520.2005.00072.x Article_num:566
http://sage.cnpereading.com/paragraph/article/?doi=10.1111/j.1540-6520.2004.00061.x Article_num:567
http://sage.cnpereading.com/paragraph/article/?doi=10.1111/j.1540-6520.2004.00062.x Article_num:568
http://sage.cnpereading.com/paragraph/article/?doi=10.1111/j.1540-6520.2004.00063.x Article_num:569
http://sage.cnpereading.com/paragraph/article/?doi=10.1111/j.1540-6520.2004.00064.x Article_num:570
http://sage.cnpereading.com/paragraph/article/?doi=10.1111/j.1540-6520.2004.00065.x Article_num:571
http://sage.cnpereading.com/paragraph/article/?doi=10.1111/j.1440-1703.2003.00594.x-i1 Article_num:572
http://sage.cnpereading.com/paragraph/article/?doi=10.1111/j.1540-6520.2004.00055.x Article_num:573
http://sage.cnpereading.com/paragraph/article/?doi=10.1111/j.1540-6520.2004.00056.x Article_num:574
http://sage.cnpereading.com/paragraph/article/?doi=10.1111/j.1540-6520.2004.00057.x Article_num:575
http://sage.cnpereading.com/paragraph/article/?doi=10.1111/j.1540-6520.2004.00058.x Article_num:576
http://sage.cnpereading.com/paragraph/article/?doi=10.1111/j.1540-6520.2004.00059.x Article_num:577
http://sage.cnpereading.com/paragraph/article/?doi=10.1111/j.1540-6520.2004.00060.x Article_num:578
http://sage.cnpereading.com/paragraph/article/?doi=10.1111/j.1540-6520.2004.00046.x Article_num:579
http://sage.cnpereading.com/paragraph/article/?doi=10.1111/j.1540-6520.2004.00047.x Article_num:580
http://sage.cnpereading.com/paragraph/article/?doi=10.1111/j.1540-6520.2004.00048.x Article_num:581
http://sage.cnpereading.com/paragraph/article/?doi=10.1111/j.1540-6520.2004.00049.x Article_num:582
http://sage.cnpereading.com/paragraph/article/?doi=10.1111/j.1540-6520.2004.00050.x Article_num:583
http://sage.cnpereading.com/paragraph/article/?doi=10.1111/j.1540-6520.2004.00051.x Article_num:584
http://sage.cnpereading.com/paragraph/article/?doi=10.1111/j.1540-6520.2004.00052.x Article_num:585
http://sage.cnpereading.com/paragraph/article/?doi=10.1111/j.1540-6520.2004.00053.x Article_num:586
http://sage.cnpereading.com/paragraph/article/?doi=10.1111/j.1540-6520.2004.00054.x Article_num:587
http://sage.cnpereading.com/paragraph/article/?doi=10.1111/j.1540-6520.2004.00040.x Article_num:588
http://sage.cnpereading.com/paragraph/article/?doi=10.1111/j.1540-6520.2004.00041.x Article_num:589
http://sage.cnpereading.com/paragraph/article/?doi=10.1111/j.1540-6520.2004.00042.x Article_num:590
http://sage.cnpereading.com/paragraph/article/?doi=10.1111/j.1540-6520.2004.00043.x Article_num:591
http://sage.cnpereading.com/paragraph/article/?doi=10.1111/j.1540-6520.2004.00044.x Article_num:592
http://sage.cnpereading.com/paragraph/article/?doi=10.1111/j.1540-6520.2004.00045.x Article_num:593
http://sage.cnpereading.com/paragraph/article/?doi=10.1111/1540-8520.00012 Article_num:594
http://sage.cnpereading.com/paragraph/article/?doi=10.1111/1540-8520.t01-1-00013 Article_num:595
http://sage.cnpereading.com/paragraph/article/?doi=10.1111/1540-8520.t01-1-00014 Article_num:596
http://sage.cnpereading.com/paragraph/article/?doi=10.1111/1540-8520.t01-1-00015 Article_num:597
http://sage.cnpereading.com/paragraph/article/?doi=10.1111/1540-8520.00016 Article_num:598
http://sage.cnpereading.com/paragraph/article/?doi=10.1111/1540-8520.t01-1-00017 Article_num:599
http://sage.cnpereading.com/paragraph/article/?doi=10.1111/1540-8520.00018 Article_num:600
http://sage.cnpereading.com/paragraph/article/?doi=10.1111/1540-8520.t01-1-00019 Article_num:601
http://sage.cnpereading.com/paragraph/article/?doi=10.1111/1540-8520.00020 Article_num:602
http://sage.cnpereading.com/paragraph/article/?doi=10.1111/1540-8520.t01-1-00001 Article_num:603
http://sage.cnpereading.com/paragraph/article/?doi=10.1111/1540-8520.00013 Article_num:604
http://sage.cnpereading.com/paragraph/article/?doi=10.1111/1540-8520.t01-1-00002 Article_num:605
http://sage.cnpereading.com/paragraph/article/?doi=10.1111/1540-8520.t01-1-00003 Article_num:606
http://sage.cnpereading.com/paragraph/article/?doi=10.1111/1540-8520.00014 Article_num:607
http://sage.cnpereading.com/paragraph/article/?doi=10.1111/1540-8520.00015 Article_num:608
http://sage.cnpereading.com/paragraph/article/?doi=10.1111/1540-8520.t01-1-00004 Article_num:609
http://sage.cnpereading.com/paragraph/article/?doi=10.1111/1540-8520.t01-1-00005 Article_num:610
http://sage.cnpereading.com/paragraph/article/?doi=10.1111/1540-8520.t01-1-00006 Article_num:611
http://sage.cnpereading.com/paragraph/article/?doi=10.1111/1540-8520.00017 Article_num:612
http://sage.cnpereading.com/paragraph/article/?doi=10.1111/1540-8520.t01-1-00007 Article_num:613
http://sage.cnpereading.com/paragraph/article/?doi=10.1111/1540-8520.00019 Article_num:614
http://sage.cnpereading.com/paragraph/article/?doi=10.1111/1540-8520.00008 Article_num:615
http://sage.cnpereading.com/paragraph/article/?doi=10.1046/j.1540-6520.2003.00034.x Article_num:616
http://sage.cnpereading.com/paragraph/article/?doi=10.1046/j.1540-6520.2003.00035.x Article_num:617
http://sage.cnpereading.com/paragraph/article/?doi=10.1046/j.1540-6520.2003.00036.x Article_num:618
http://sage.cnpereading.com/paragraph/article/?doi=10.1046/j.1540-6520.2003.00037.x Article_num:619
http://sage.cnpereading.com/paragraph/article/?doi=10.1046/j.1540-6520.2003.0038a.x Article_num:620
http://sage.cnpereading.com/paragraph/article/?doi=10.1046/j.1540-6520.2003.0038b.x Article_num:621
http://sage.cnpereading.com/paragraph/article/?doi=10.1046/j.1540-6520.2003.0039a.x Article_num:622
http://sage.cnpereading.com/paragraph/article/?doi=10.1046/j.1540-6520.2003.0039b.x Article_num:623
http://sage.cnpereading.com/paragraph/article/?doi=10.1111/1540-8520.00029 Article_num:624
http://sage.cnpereading.com/paragraph/article/?doi=10.1111/1540-8520.00030 Article_num:625
http://sage.cnpereading.com/paragraph/article/?doi=10.1111/1540-8520.00031 Article_num:626
http://sage.cnpereading.com/paragraph/article/?doi=10.1111/1540-8520.00032 Article_num:627
http://sage.cnpereading.com/paragraph/article/?doi=10.1111/1540-8520.00033 Article_num:628
http://sage.cnpereading.com/paragraph/article/?doi=10.1177/104225870202600401 Article_num:629
http://sage.cnpereading.com/paragraph/article/?doi=10.1177/104225870202600402 Article_num:630
http://sage.cnpereading.com/paragraph/article/?doi=10.1177/104225870202600403 Article_num:631
http://sage.cnpereading.com/paragraph/article/?doi=10.1177/104225870202600404 Article_num:632
http://sage.cnpereading.com/paragraph/article/?doi=10.1177/104225870202600405 Article_num:633
http://sage.cnpereading.com/paragraph/article/?doi=10.1177/104225870202600406 Article_num:634
http://sage.cnpereading.com/paragraph/article/?doi=10.1177/104225870202600407 Article_num:635
http://sage.cnpereading.com/paragraph/article/?doi=10.1177/104225870202600408 Article_num:636
http://sage.cnpereading.com/paragraph/article/?doi=10.1177/104225870202600409 Article_num:637
http://sage.cnpereading.com/paragraph/article/?doi=10.1111/1540-8520.00001 Article_num:638
http://sage.cnpereading.com/paragraph/article/?doi=10.1111/1540-8520.00002 Article_num:639
https://journals.sagepub.com/doi/full/10.1111/1540-8520.00003 Article_num:640
http://sage.cnpereading.com/paragraph/article/?doi=10.1111/1540-8520.00004 Article_num:641
http://sage.cnpereading.com/paragraph/article/?doi=10.1111/1540-8520.00005 Article_num:642
http://sage.cnpereading.com/paragraph/article/?doi=10.1111/1540-8520.00006 Article_num:643
http://sage.cnpereading.com/paragraph/article/?doi=10.1177/104225870202600401 Article_num:644
http://sage.cnpereading.com/paragraph/article/?doi=10.1177/104225870202600402 Article_num:645
http://sage.cnpereading.com/paragraph/article/?doi=10.1177/104225870202600403 Article_num:646
http://sage.cnpereading.com/paragraph/article/?doi=10.1177/104225870202600404 Article_num:647
http://sage.cnpereading.com/paragraph/article/?doi=10.1177/104225870202600405 Article_num:648
http://sage.cnpereading.com/paragraph/article/?doi=10.1177/104225870202600406 Article_num:649
http://sage.cnpereading.com/paragraph/article/?doi=10.1177/104225870202600407 Article_num:650
http://sage.cnpereading.com/paragraph/article/?doi=10.1177/104225870202600408 Article_num:651
http://sage.cnpereading.com/paragraph/article/?doi=10.1177/104225870202600409 Article_num:652
http://sage.cnpereading.com/paragraph/article/?doi=10.1111/1540-8520.00001 Article_num:653
http://sage.cnpereading.com/paragraph/article/?doi=10.1111/1540-8520.00002 Article_num:654
https://journals.sagepub.com/doi/full/10.1111/1540-8520.00003 Article_num:655
http://sage.cnpereading.com/paragraph/article/?doi=10.1111/1540-8520.00004 Article_num:656
http://sage.cnpereading.com/paragraph/article/?doi=10.1111/1540-8520.00005 Article_num:657
http://sage.cnpereading.com/paragraph/article/?doi=10.1111/1540-8520.00006 Article_num:658
http://sage.cnpereading.com/paragraph/article/?doi=10.1177/104225870102600201 Article_num:659
http://sage.cnpereading.com/paragraph/article/?doi=10.1177/104225870102600202 Article_num:660
http://sage.cnpereading.com/paragraph/article/?doi=10.1177/104225870102600203 Article_num:661
http://sage.cnpereading.com/paragraph/article/?doi=10.1177/104225870102600204 Article_num:662
http://sage.cnpereading.com/paragraph/article/?doi=10.1177/104225870102600205 Article_num:663
http://sage.cnpereading.com/paragraph/article/?doi=10.1177/104225870102600101 Article_num:664
http://sage.cnpereading.com/paragraph/article/?doi=10.1177/104225870102600102 Article_num:665
http://sage.cnpereading.com/paragraph/article/?doi=10.1177/104225870102600103 Article_num:666
http://sage.cnpereading.com/paragraph/article/?doi=10.1177/104225870102600104 Article_num:667
http://sage.cnpereading.com/paragraph/article/?doi=10.1177/104225870102600105 Article_num:668
http://sage.cnpereading.com/paragraph/article/?doi=10.1177/104225870102500401 Article_num:669
http://sage.cnpereading.com/paragraph/article/?doi=10.1177/104225870102500402 Article_num:670
http://sage.cnpereading.com/paragraph/article/?doi=10.1177/104225870102500403 Article_num:671
http://sage.cnpereading.com/paragraph/article/?doi=10.1177/104225870102500404 Article_num:672
http://sage.cnpereading.com/paragraph/article/?doi=10.1177/104225870102500405 Article_num:673
http://sage.cnpereading.com/paragraph/article/?doi=10.1177/104225870102500406 Article_num:674
http://sage.cnpereading.com/paragraph/article/?doi=10.1177/104225870102500407 Article_num:675
http://sage.cnpereading.com/paragraph/article/?doi=10.1177/104225870102500301 Article_num:676
http://sage.cnpereading.com/paragraph/article/?doi=10.1177/104225870102500302 Article_num:677
http://sage.cnpereading.com/paragraph/article/?doi=10.1177/104225870102500303 Article_num:678
http://sage.cnpereading.com/paragraph/article/?doi=10.1177/104225870102500304 Article_num:679
http://sage.cnpereading.com/paragraph/article/?doi=10.1177/104225870102500305 Article_num:680
http://sage.cnpereading.com/paragraph/article/?doi=10.1177/104225870002500201 Article_num:681
http://sage.cnpereading.com/paragraph/article/?doi=10.1177/104225870002500202 Article_num:682
http://sage.cnpereading.com/paragraph/article/?doi=10.1177/104225870002500203 Article_num:683
http://sage.cnpereading.com/paragraph/article/?doi=10.1177/104225870002500204 Article_num:684
http://sage.cnpereading.com/paragraph/article/?doi=10.1177/104225870002500205 Article_num:685
http://sage.cnpereading.com/paragraph/article/?doi=10.1177/104225870002500206 Article_num:686
http://sage.cnpereading.com/paragraph/article/?doi=10.1177/104225870002500207 Article_num:687
http://sage.cnpereading.com/paragraph/article/?doi=10.1177/104225870002500101 Article_num:688
http://sage.cnpereading.com/paragraph/article/?doi=10.1177/104225870002500102 Article_num:689
http://sage.cnpereading.com/paragraph/article/?doi=10.1177/104225870002500103 Article_num:690
http://sage.cnpereading.com/paragraph/article/?doi=10.1177/104225870002500104 Article_num:691
http://sage.cnpereading.com/paragraph/article/?doi=10.1177/104225870002500105 Article_num:692
http://sage.cnpereading.com/paragraph/article/?doi=10.1177/104225870002500106 Article_num:693
http://sage.cnpereading.com/paragraph/article/?doi=10.1177/104225870002500108 Article_num:695
http://sage.cnpereading.com/paragraph/article/?doi=10.1177/104225870002500109 Article_num:696
http://sage.cnpereading.com/paragraph/article/?doi=10.1177/104225870002500110 Article_num:697
http://sage.cnpereading.com/paragraph/article/?doi=10.1177/104225870002400401 Article_num:698
http://sage.cnpereading.com/paragraph/article/?doi=10.1177/104225870002400402 Article_num:699
http://sage.cnpereading.com/paragraph/article/?doi=10.1177/104225870002400403 Article_num:700
http://sage.cnpereading.com/paragraph/article/?doi=10.1177/104225870002400404 Article_num:701
http://sage.cnpereading.com/paragraph/article/?doi=10.1177/104225870002400406 Article_num:702
http://sage.cnpereading.com/paragraph/article/?doi=10.1177/104225870002400301 Article_num:703
http://sage.cnpereading.com/paragraph/article/?doi=10.1177/104225870002400302 Article_num:704
http://sage.cnpereading.com/paragraph/article/?doi=10.1177/104225870002400303 Article_num:705
http://sage.cnpereading.com/paragraph/article/?doi=10.1177/104225870002400304 Article_num:706
http://sage.cnpereading.com/paragraph/article/?doi=10.1177/104225870002400305 Article_num:707
http://sage.cnpereading.com/paragraph/article/?doi=10.1177/104225870002400306 Article_num:708
http://sage.cnpereading.com/paragraph/article/?doi=10.1177/104225879902400202 Article_num:709
http://sage.cnpereading.com/paragraph/article/?doi=10.1177/104225879902400203 Article_num:710
http://sage.cnpereading.com/paragraph/article/?doi=10.1177/104225879902400204 Article_num:711
http://sage.cnpereading.com/paragraph/article/?doi=10.1177/104225879902400205 Article_num:712
http://sage.cnpereading.com/paragraph/article/?doi=10.1177/104225879902400102 Article_num:713
http://sage.cnpereading.com/paragraph/article/?doi=10.1177/104225879902400103 Article_num:714
http://sage.cnpereading.com/paragraph/article/?doi=10.1177/104225879902400104 Article_num:715
http://sage.cnpereading.com/paragraph/article/?doi=10.1177/104225879902400105 Article_num:716
http://sage.cnpereading.com/paragraph/article/?doi=10.1177/104225879902300401 Article_num:717
http://sage.cnpereading.com/paragraph/article/?doi=10.1177/104225879902300402 Article_num:718
http://sage.cnpereading.com/paragraph/article/?doi=10.1177/104225879902300403 Article_num:719
http://sage.cnpereading.com/paragraph/article/?doi=10.1177/104225879902300404 Article_num:720
http://sage.cnpereading.com/paragraph/article/?doi=10.1177/104225879902300301 Article_num:721
http://sage.cnpereading.com/paragraph/article/?doi=10.1177/104225879902300302 Article_num:722
http://sage.cnpereading.com/paragraph/article/?doi=10.1177/104225879902300303 Article_num:723
http://sage.cnpereading.com/paragraph/article/?doi=10.1177/104225879902300304 Article_num:724
http://sage.cnpereading.com/paragraph/article/?doi=10.1177/104225879902300305 Article_num:725
http://sage.cnpereading.com/paragraph/article/?doi=10.1177/104225879902300306 Article_num:726
http://sage.cnpereading.com/paragraph/article/?doi=10.1177/104225879902300307 Article_num:727
http://sage.cnpereading.com/paragraph/article/?doi=10.1177/104225879902300308 Article_num:728
http://sage.cnpereading.com/paragraph/article/?doi=10.1177/104225879902300309 Article_num:729
http://sage.cnpereading.com/paragraph/article/?doi=10.1177/104225879902300310 Article_num:730
http://sage.cnpereading.com/paragraph/article/?doi=10.1177/104225879802300201 Article_num:731
http://sage.cnpereading.com/paragraph/article/?doi=10.1177/104225879802300202 Article_num:732
http://sage.cnpereading.com/paragraph/article/?doi=10.1177/104225879802300203 Article_num:733
http://sage.cnpereading.com/paragraph/article/?doi=10.1177/104225879802300204 Article_num:734
http://sage.cnpereading.com/paragraph/article/?doi=10.1177/104225879802300205 Article_num:735
http://sage.cnpereading.com/paragraph/article/?doi=10.1177/104225879802300101 Article_num:736
http://sage.cnpereading.com/paragraph/article/?doi=10.1177/104225879802300102 Article_num:737
http://sage.cnpereading.com/paragraph/article/?doi=10.1177/104225879802300103 Article_num:738
http://sage.cnpereading.com/paragraph/article/?doi=10.1177/104225879802300104 Article_num:739
http://sage.cnpereading.com/paragraph/article/?doi=10.1177/104225879802300105 Article_num:740
http://sage.cnpereading.com/paragraph/article/?doi=10.1177/104225879802200401 Article_num:741
http://sage.cnpereading.com/paragraph/article/?doi=10.1177/104225879802200402 Article_num:742
http://sage.cnpereading.com/paragraph/article/?doi=10.1177/104225879802200403 Article_num:743
http://sage.cnpereading.com/paragraph/article/?doi=10.1177/104225879802200404 Article_num:744
http://sage.cnpereading.com/paragraph/article/?doi=10.1177/104225879802200405 Article_num:745
http://sage.cnpereading.com/paragraph/article/?doi=10.1177/104225879802200406 Article_num:746
http://sage.cnpereading.com/paragraph/article/?doi=10.1177/104225879802200301 Article_num:747
http://sage.cnpereading.com/paragraph/article/?doi=10.1177/104225879802200302 Article_num:748
http://sage.cnpereading.com/paragraph/article/?doi=10.1177/104225879802200303 Article_num:749
http://sage.cnpereading.com/paragraph/article/?doi=10.1177/104225879802200304 Article_num:750
http://sage.cnpereading.com/paragraph/article/?doi=10.1177/104225879802200305 Article_num:751
http://sage.cnpereading.com/paragraph/article/?doi=10.1177/104225879802200306 Article_num:752
http://sage.cnpereading.com/paragraph/article/?doi=10.1177/104225879802200201 Article_num:753
http://sage.cnpereading.com/paragraph/article/?doi=10.1177/104225879802200202 Article_num:754
http://sage.cnpereading.com/paragraph/article/?doi=10.1177/104225879802200203 Article_num:755
http://sage.cnpereading.com/paragraph/article/?doi=10.1177/104225879802200204 Article_num:756
http://sage.cnpereading.com/paragraph/article/?doi=10.1177/104225879802200206 Article_num:757
http://sage.cnpereading.com/paragraph/article/?doi=10.1177/104225879802200207 Article_num:758
http://sage.cnpereading.com/paragraph/article/?doi=10.1177/104225879802200208 Article_num:759
http://sage.cnpereading.com/paragraph/article/?doi=10.1177/104225879802200209 Article_num:760
http://sage.cnpereading.com/paragraph/article/?doi=10.1177/104225879702200101 Article_num:761
http://sage.cnpereading.com/paragraph/article/?doi=10.1177/104225879702200102 Article_num:762
http://sage.cnpereading.com/paragraph/article/?doi=10.1177/104225879702200103 Article_num:763
http://sage.cnpereading.com/paragraph/article/?doi=10.1177/104225879702200104 Article_num:764
http://sage.cnpereading.com/paragraph/article/?doi=10.1177/104225879702200105 Article_num:765
http://sage.cnpereading.com/paragraph/article/?doi=10.1177/104225879702200106 Article_num:766
http://sage.cnpereading.com/paragraph/article/?doi=10.1177/104225879702100401 Article_num:767
http://sage.cnpereading.com/paragraph/article/?doi=10.1177/104225879702100402 Article_num:768
http://sage.cnpereading.com/paragraph/article/?doi=10.1177/104225879702100403 Article_num:769
http://sage.cnpereading.com/paragraph/article/?doi=10.1177/104225879702100404 Article_num:770
http://sage.cnpereading.com/paragraph/article/?doi=10.1177/104225879702100405 Article_num:771
http://sage.cnpereading.com/paragraph/article/?doi=10.1177/104225879702100406 Article_num:772
http://sage.cnpereading.com/paragraph/article/?doi=10.1177/104225879702100407 Article_num:773
http://sage.cnpereading.com/paragraph/article/?doi=10.1177/104225879702100408 Article_num:774
http://sage.cnpereading.com/paragraph/article/?doi=10.1177/104225879702100409 Article_num:775
http://sage.cnpereading.com/paragraph/article/?doi=10.1177/104225879702100301 Article_num:776
http://sage.cnpereading.com/paragraph/article/?doi=10.1177/104225879702100302 Article_num:777
http://sage.cnpereading.com/paragraph/article/?doi=10.1177/104225879702100303 Article_num:778
http://sage.cnpereading.com/paragraph/article/?doi=10.1177/104225879702100304 Article_num:779
http://sage.cnpereading.com/paragraph/article/?doi=10.1177/104225879702100305 Article_num:780
http://sage.cnpereading.com/paragraph/article/?doi=10.1177/104225879602100201 Article_num:781
http://sage.cnpereading.com/paragraph/article/?doi=10.1177/104225879602100202 Article_num:782
http://sage.cnpereading.com/paragraph/article/?doi=10.1177/104225879602100203 Article_num:783
http://sage.cnpereading.com/paragraph/article/?doi=10.1177/104225879602100204 Article_num:784
http://sage.cnpereading.com/paragraph/article/?doi=10.1177/104225879602100205 Article_num:785
http://sage.cnpereading.com/paragraph/article/?doi=10.1177/104225879602100101 Article_num:786
http://sage.cnpereading.com/paragraph/article/?doi=10.1177/104225879602100103 Article_num:788
http://sage.cnpereading.com/paragraph/article/?doi=10.1177/104225879602100104 Article_num:789
http://sage.cnpereading.com/paragraph/article/?doi=10.1177/104225879602000401 Article_num:790
http://sage.cnpereading.com/paragraph/article/?doi=10.1177/104225879602000402 Article_num:791
http://sage.cnpereading.com/paragraph/article/?doi=10.1177/104225879602000403 Article_num:792
http://sage.cnpereading.com/paragraph/article/?doi=10.1177/104225879602000404 Article_num:793
http://sage.cnpereading.com/paragraph/article/?doi=10.1177/104225879602000405 Article_num:794
http://sage.cnpereading.com/paragraph/article/?doi=10.1177/104225879602000406 Article_num:795
http://sage.cnpereading.com/paragraph/article/?doi=10.1177/104225879602000407 Article_num:796
http://sage.cnpereading.com/paragraph/article/?doi=10.1177/104225879602000301 Article_num:797
http://sage.cnpereading.com/paragraph/article/?doi=10.1177/104225879602000302 Article_num:798
http://sage.cnpereading.com/paragraph/article/?doi=10.1177/104225879602000303 Article_num:799
http://sage.cnpereading.com/paragraph/article/?doi=10.1177/104225879602000304 Article_num:800
http://sage.cnpereading.com/paragraph/article/?doi=10.1177/104225879602000305 Article_num:801
