http://sage.cnpereading.com/paragraph/article/?doi=10.1177/0022242920942563 Article_num:1
http://sage.cnpereading.com/paragraph/article/?doi=10.1177/0022242920925038 Article_num:2
https://journals.sagepub.com/doi/full/10.1177/0022242920929288 Article_num:3
http://sage.cnpereading.com/paragraph/article/?doi=10.1177/0022242920931451 Article_num:4
http://sage.cnpereading.com/paragraph/article/?doi=10.1177/0022242920943104 Article_num:5
http://sage.cnpereading.com/paragraph/article/?doi=10.1177/0022242920920295 Article_num:6
http://sage.cnpereading.com/paragraph/article/?doi=10.1177/0022242920929718 Article_num:7
http://sage.cnpereading.com/paragraph/article/?doi=10.1177/0022242918813577 Article_num:8
https://journals.sagepub.com/doi/full/10.1177/0022242920937000 Article_num:9
https://journals.sagepub.com/doi/full/10.1177/0022242920936205 Article_num:10
http://sage.cnpereading.com/paragraph/article/?doi=10.1177/0022242920917982 Article_num:11
https://journals.sagepub.com/doi/full/10.1177/0022242920934495 Article_num:12
http://sage.cnpereading.com/paragraph/article/?doi=10.1177/0022242920929029 Article_num:13
http://sage.cnpereading.com/paragraph/article/?doi=10.1177/0022242920925054 Article_num:14
https://journals.sagepub.com/doi/full/10.1177/0022242920916733 Article_num:15
http://sage.cnpereading.com/paragraph/article/?doi=10.1177/0022242920920859 Article_num:16
http://sage.cnpereading.com/paragraph/article/?doi=10.1177/0022242920925517 Article_num:17
http://sage.cnpereading.com/paragraph/article/?doi=10.1177/0022242920923307 Article_num:18
https://journals.sagepub.com/doi/full/10.1177/0022242920920262 Article_num:19
http://sage.cnpereading.com/paragraph/article/?doi=10.1177/0022242920914861 Article_num:20
http://sage.cnpereading.com/paragraph/article/?doi=10.1177/0022242920924389 Article_num:21
http://sage.cnpereading.com/paragraph/article/?doi=10.1177/0022242919899393 Article_num:22
https://journals.sagepub.com/doi/full/10.1177/0022242920911628 Article_num:23
http://sage.cnpereading.com/paragraph/article/?doi=10.1177/0022242920910096 Article_num:24
https://journals.sagepub.com/doi/full/10.1177/0022242920913025 Article_num:25
http://sage.cnpereading.com/paragraph/article/?doi=10.1177/0022242920912732 Article_num:26
https://journals.sagepub.com/doi/full/10.1177/0022242920911907 Article_num:27
http://sage.cnpereading.com/paragraph/article/?doi=10.1177/0022242920912272 Article_num:28
http://sage.cnpereading.com/paragraph/article/?doi=10.1177/0022242920912704 Article_num:29
http://sage.cnpereading.com/paragraph/article/?doi=10.1177/0022242920902722 Article_num:30
https://journals.sagepub.com/doi/full/10.1177/0022242919901277 Article_num:31
http://sage.cnpereading.com/paragraph/article/?doi=10.1177/0022242919889876 Article_num:32
http://sage.cnpereading.com/paragraph/article/?doi=10.1177/0022242919899905 Article_num:33
http://sage.cnpereading.com/paragraph/article/?doi=10.1177/0022242919899381 Article_num:34
https://journals.sagepub.com/doi/full/10.1177/0022242919899383 Article_num:35
https://journals.sagepub.com/doi/full/10.1177/0022242919896334 Article_num:36
http://sage.cnpereading.com/paragraph/article/?doi=10.1177/0022242919896337 Article_num:37
http://sage.cnpereading.com/paragraph/article/?doi=10.1177/0022242919889894 Article_num:38
http://sage.cnpereading.com/paragraph/article/?doi=10.1177/0022242919873106 Article_num:39
http://sage.cnpereading.com/paragraph/article/?doi=10.1177/0022242919888477 Article_num:40
http://sage.cnpereading.com/paragraph/article/?doi=10.1177/0022242919882428 Article_num:41
http://sage.cnpereading.com/paragraph/article/?doi=10.1177/0022242919882630 Article_num:42
http://sage.cnpereading.com/paragraph/article/?doi=10.1177/0022242919887161 Article_num:43
http://sage.cnpereading.com/paragraph/article/?doi=10.1177/0022242919879420 Article_num:44
https://journals.sagepub.com/doi/full/10.1177/0022242919881137 Article_num:45
http://sage.cnpereading.com/paragraph/article/?doi=10.1177/0022242919874778 Article_num:46
http://sage.cnpereading.com/paragraph/article/?doi=10.1177/0022242919873903 Article_num:47
http://sage.cnpereading.com/paragraph/article/?doi=10.1177/0022242919874049 Article_num:48
https://journals.sagepub.com/doi/full/10.1177/0022242919873901 Article_num:49
https://journals.sagepub.com/doi/full/10.1177/0022242919872156 Article_num:50
http://sage.cnpereading.com/paragraph/article/?doi=10.1177/0022242919875688 Article_num:51
http://sage.cnpereading.com/paragraph/article/?doi=10.1177/0022242919861929 Article_num:52
http://sage.cnpereading.com/paragraph/article/?doi=10.1177/0022242919868470 Article_num:53
http://sage.cnpereading.com/paragraph/article/?doi=10.1177/0022242919868965 Article_num:54
http://sage.cnpereading.com/paragraph/article/?doi=10.1177/0022242919857698 Article_num:55
http://sage.cnpereading.com/paragraph/article/?doi=10.1177/0022242919859325 Article_num:56
http://sage.cnpereading.com/paragraph/article/?doi=10.1177/0022242919854374 Article_num:57
http://sage.cnpereading.com/paragraph/article/?doi=10.1177/0022242919860085 Article_num:58
http://sage.cnpereading.com/paragraph/article/?doi=10.1177/0022242919860802 Article_num:59
http://sage.cnpereading.com/paragraph/article/?doi=10.1177/0022242919847221 Article_num:60
http://sage.cnpereading.com/paragraph/article/?doi=10.1177/0022242919841034 Article_num:61
http://sage.cnpereading.com/paragraph/article/?doi=10.1177/0022242919842167 Article_num:62
http://sage.cnpereading.com/paragraph/article/?doi=10.1177/0022242919841039 Article_num:63
http://sage.cnpereading.com/paragraph/article/?doi=10.1177/0022242919841584 Article_num:64
http://sage.cnpereading.com/paragraph/article/?doi=10.1177/0022242919847192 Article_num:65
http://sage.cnpereading.com/paragraph/article/?doi=10.1177/0022242919843914 Article_num:66
http://sage.cnpereading.com/paragraph/article/?doi=10.1177/0022242919841595 Article_num:67
http://sage.cnpereading.com/paragraph/article/?doi=10.1177/0022242918822300 Article_num:68
https://journals.sagepub.com/doi/full/10.1177/0022242919825649 Article_num:69
http://sage.cnpereading.com/paragraph/article/?doi=10.1177/0022242919831672 Article_num:70
http://sage.cnpereading.com/paragraph/article/?doi=10.1177/0022242919830958 Article_num:71
http://sage.cnpereading.com/paragraph/article/?doi=10.1177/0022242919830412 Article_num:72
http://sage.cnpereading.com/paragraph/article/?doi=10.1177/0022242919831993 Article_num:73
https://journals.sagepub.com/doi/full/10.1177/0022242919831996 Article_num:74
http://sage.cnpereading.com/paragraph/article/?doi=10.1177/0022242918825269 Article_num:75
http://sage.cnpereading.com/paragraph/article/?doi=10.1177/0022242918813119 Article_num:76
http://sage.cnpereading.com/paragraph/article/?doi=10.1177/0022242918815163 Article_num:77
http://sage.cnpereading.com/paragraph/article/?doi=10.1177/0022242918813308 Article_num:78
http://sage.cnpereading.com/paragraph/article/?doi=10.1177/0022242918817000 Article_num:79
http://sage.cnpereading.com/paragraph/article/?doi=10.1177/0022242918817549 Article_num:80
http://sage.cnpereading.com/paragraph/article/?doi=10.1177/0022242918809930 Article_num:81
http://sage.cnpereading.com/paragraph/article/?doi=10.1177/0022242918823542 Article_num:82
http://sage.cnpereading.com/paragraph/article/?doi=10.1177/0022242918809673 Article_num:83
https://journals.sagepub.com/doi/full/10.1177/0022242918815894 Article_num:84
https://journals.sagepub.com/doi/full/10.1177/0022242918815880 Article_num:85
https://journals.sagepub.com/doi/full/10.1177/0022242918814254 Article_num:86
https://journals.sagepub.com/doi/full/10.1177/0022242918812055 Article_num:87
https://journals.sagepub.com/doi/full/10.1177/0022242918816319 Article_num:88
https://journals.sagepub.com/doi/full/10.1177/0022242918812056 Article_num:89
https://journals.sagepub.com/doi/full/10.1177/0022242918815895 Article_num:90
https://journals.sagepub.com/doi/full/10.1177/0022242918809380 Article_num:91
http://sage.cnpereading.com/paragraph/article/?doi=10.1177/0022242918807170 Article_num:92
http://sage.cnpereading.com/paragraph/article/?doi=10.1177/0022242918807673 Article_num:93
http://sage.cnpereading.com/paragraph/article/?doi=10.1177/0022242918805405 Article_num:94
http://sage.cnpereading.com/paragraph/article/?doi=10.1177/0022242918805059 Article_num:95
http://sage.cnpereading.com/paragraph/article/?doi=10.1177/0022242918805411 Article_num:96
http://sage.cnpereading.com/paragraph/article/?doi=10.1177/0022242918805468 Article_num:97
http://sage.cnpereading.com/paragraph/article/?doi=10.1177/0022242918799699 Article_num:98
http://sage.cnpereading.com/paragraph/article/?doi=10.1177/0022242918805455 Article_num:99
http://sage.cnpereading.com/paragraph/article/?doi=10.1509/jm.17.0113 Article_num:100
http://sage.cnpereading.com/paragraph/article/?doi=10.1509/jm.16.0140 Article_num:101
http://sage.cnpereading.com/paragraph/article/?doi=10.1509/jm.17.0328 Article_num:102
http://sage.cnpereading.com/paragraph/article/?doi=10.1509/jm.17.0276 Article_num:103
http://sage.cnpereading.com/paragraph/article/?doi=10.1509/jm.17.0195 Article_num:104
http://sage.cnpereading.com/paragraph/article/?doi=10.1509/jm.17.0002 Article_num:105
http://sage.cnpereading.com/paragraph/article/?doi=10.1509/jm.17.0100 Article_num:106
http://sage.cnpereading.com/paragraph/article/?doi=10.1509/jm.16.0179 Article_num:107
http://sage.cnpereading.com/paragraph/article/?doi=10.1509/jm.14.0305 Article_num:108
http://sage.cnpereading.com/paragraph/article/?doi=10.1509/jm.14.0344 Article_num:109
http://sage.cnpereading.com/paragraph/article/?doi=10.1509/jm.16.0457 Article_num:110
http://sage.cnpereading.com/paragraph/article/?doi=10.1509/jm.15.0205 Article_num:111
http://sage.cnpereading.com/paragraph/article/?doi=10.1509/jm.16.0125 Article_num:112
http://sage.cnpereading.com/paragraph/article/?doi=10.1509/jm.16.0211 Article_num:113
http://sage.cnpereading.com/paragraph/article/?doi=10.1509/jm.15.0007 Article_num:114
http://sage.cnpereading.com/paragraph/article/?doi=10.1509/jm.16.0038 Article_num:115
http://sage.cnpereading.com/paragraph/article/?doi=10.1509/jm.13.0026 Article_num:116
http://sage.cnpereading.com/paragraph/article/?doi=10.1509/jm.14.0169 Article_num:117
http://sage.cnpereading.com/paragraph/article/?doi=10.1509/jm.13.0218 Article_num:118
http://sage.cnpereading.com/paragraph/article/?doi=10.1509/jm.12.0408 Article_num:119
http://sage.cnpereading.com/paragraph/article/?doi=10.1509/jm.13.0437 Article_num:120
http://sage.cnpereading.com/paragraph/article/?doi=10.1509/jm.14.0018 Article_num:121
http://sage.cnpereading.com/paragraph/article/?doi=10.1509/jm.12.0442 Article_num:122
http://sage.cnpereading.com/paragraph/article/?doi=10.1509/jm.12.0106 Article_num:123
http://sage.cnpereading.com/paragraph/article/?doi=10.1509/jm.12.0317 Article_num:124
http://sage.cnpereading.com/paragraph/article/?doi=10.1509/jm.12.0529 Article_num:125
http://sage.cnpereading.com/paragraph/article/?doi=10.1509/jm.13.0185 Article_num:126
http://sage.cnpereading.com/paragraph/article/?doi=10.1509/jm.13.0220 Article_num:127
http://sage.cnpereading.com/paragraph/article/?doi=10.1509/jm.13.0387 Article_num:128
http://sage.cnpereading.com/paragraph/article/?doi=10.1509/jm.13.0253 Article_num:129
http://sage.cnpereading.com/paragraph/article/?doi=10.1509/jm.78.4.1 Article_num:130
http://sage.cnpereading.com/paragraph/article/?doi=10.1509/jm.12.0314 Article_num:131
http://sage.cnpereading.com/paragraph/article/?doi=10.1509/jm.12.0151 Article_num:132
http://sage.cnpereading.com/paragraph/article/?doi=10.1509/jm.13.0174 Article_num:134
http://sage.cnpereading.com/paragraph/article/?doi=10.1509/jm.12.0338 Article_num:135
http://sage.cnpereading.com/paragraph/article/?doi=10.1509/jm.13.0198 Article_num:136
http://sage.cnpereading.com/paragraph/article/?doi=10.1509/jm.13.0056 Article_num:137
http://sage.cnpereading.com/paragraph/article/?doi=10.1509/jm.12.0190 Article_num:138
http://sage.cnpereading.com/paragraph/article/?doi=10.1509/jm.12.0421 Article_num:139
http://sage.cnpereading.com/paragraph/article/?doi=10.1509/jm.11.0245 Article_num:140
http://sage.cnpereading.com/paragraph/article/?doi=10.1509/jm.12.0179 Article_num:141
http://sage.cnpereading.com/paragraph/article/?doi=10.1509/jm.13.0272 Article_num:142
http://sage.cnpereading.com/paragraph/article/?doi=10.1509/jm.12.0196 Article_num:143
http://sage.cnpereading.com/paragraph/article/?doi=10.1509/jm.13.0059 Article_num:144
http://sage.cnpereading.com/paragraph/article/?doi=10.1509/jm.11.0310 Article_num:145
http://sage.cnpereading.com/paragraph/article/?doi=10.1509/jm.12.0303 Article_num:146
http://sage.cnpereading.com/paragraph/article/?doi=10.1509/jm.12.0167 Article_num:147
http://sage.cnpereading.com/paragraph/article/?doi=10.1509/jm.12.0422 Article_num:148
http://sage.cnpereading.com/paragraph/article/?doi=10.1509/jm.11.0173 Article_num:149
http://sage.cnpereading.com/paragraph/article/?doi=10.1509/jm.11.0592 Article_num:150
http://sage.cnpereading.com/paragraph/article/?doi=10.1509/jm.13.0075 Article_num:151
http://sage.cnpereading.com/paragraph/article/?doi=10.1509/jm.12.0344 Article_num:152
http://sage.cnpereading.com/paragraph/article/?doi=10.1509/jm.12.0051 Article_num:153
http://sage.cnpereading.com/paragraph/article/?doi=10.1509/jm.11.0599 Article_num:154
http://sage.cnpereading.com/paragraph/article/?doi=10.1509/jm.11.0528 Article_num:155
http://sage.cnpereading.com/paragraph/article/?doi=10.1509/jm.12.0020 Article_num:156
http://sage.cnpereading.com/paragraph/article/?doi=10.1509/jm.12.0527 Article_num:157
http://sage.cnpereading.com/paragraph/article/?doi=10.1509/jm.11.0316 Article_num:158
http://sage.cnpereading.com/paragraph/article/?doi=10.1509/jm.11.0431 Article_num:159
http://sage.cnpereading.com/paragraph/article/?doi=10.1509/jm.12.0468 Article_num:160
http://sage.cnpereading.com/paragraph/article/?doi=10.1509/jm.12.0325 Article_num:161
http://sage.cnpereading.com/paragraph/article/?doi=10.1509/jm.11.0504 Article_num:162
http://sage.cnpereading.com/paragraph/article/?doi=10.1509/jm.08.0204 Article_num:163
http://sage.cnpereading.com/paragraph/article/?doi=10.1509/jm.12.0060 Article_num:164
http://sage.cnpereading.com/paragraph/article/?doi=10.1509/jm.11.0011 Article_num:165
http://sage.cnpereading.com/paragraph/article/?doi=10.1509/jm.12.0089 Article_num:166
http://sage.cnpereading.com/paragraph/article/?doi=10.1509/jm.11.0529 Article_num:167
http://sage.cnpereading.com/paragraph/article/?doi=10.1509/jm.11.0570 Article_num:168
http://sage.cnpereading.com/paragraph/article/?doi=10.1509/jm.11.0485 Article_num:169
http://sage.cnpereading.com/paragraph/article/?doi=10.1509/jm.12.0021 Article_num:170
http://sage.cnpereading.com/paragraph/article/?doi=10.1509/jm.09.0363 Article_num:171
http://sage.cnpereading.com/paragraph/article/?doi=10.1509/jm.11.0508 Article_num:172
http://sage.cnpereading.com/paragraph/article/?doi=10.1509/jm.11.0217 Article_num:173
http://sage.cnpereading.com/paragraph/article/?doi=10.1509/jm.12.0078 Article_num:174
http://sage.cnpereading.com/paragraph/article/?doi=10.1509/jm.11.0330 Article_num:175
http://sage.cnpereading.com/paragraph/article/?doi=10.1509/jm.11.0286 Article_num:176
http://sage.cnpereading.com/paragraph/article/?doi=10.1509/jm.11.0145 Article_num:177
http://sage.cnpereading.com/paragraph/article/?doi=10.1509/jm.12.0228 Article_num:178
http://sage.cnpereading.com/paragraph/article/?doi=10.1509/jm.12.0471 Article_num:179
http://sage.cnpereading.com/paragraph/article/?doi=10.1509/jm.11.0423 Article_num:180
http://sage.cnpereading.com/paragraph/article/?doi=10.1509/jm.10.0534 Article_num:181
http://sage.cnpereading.com/paragraph/article/?doi=10.1509/jm.12.0052 Article_num:182
http://sage.cnpereading.com/paragraph/article/?doi=10.1509/jm.11.0297 Article_num:183
http://sage.cnpereading.com/paragraph/article/?doi=10.1509/jm.11.0566 Article_num:184
http://sage.cnpereading.com/paragraph/article/?doi=10.1509/jm.11.0610 Article_num:185
http://sage.cnpereading.com/paragraph/article/?doi=10.1509/jm.11.0495 Article_num:186
http://sage.cnpereading.com/paragraph/article/?doi=10.1509/jm.11.0400 Article_num:187
http://sage.cnpereading.com/paragraph/article/?doi=10.1509/jm.11.0164 Article_num:188
http://sage.cnpereading.com/paragraph/article/?doi=10.1509/jm.11.0403 Article_num:189
http://sage.cnpereading.com/paragraph/article/?doi=10.1509/jm.11.0261 Article_num:190
http://sage.cnpereading.com/paragraph/article/?doi=10.1509/jm.11.0428 Article_num:191
http://sage.cnpereading.com/paragraph/article/?doi=10.1509/jm.11.0510 Article_num:192
http://sage.cnpereading.com/paragraph/article/?doi=10.1509/jm.11.0443 Article_num:193
http://sage.cnpereading.com/paragraph/article/?doi=10.1509/jm.11.0477 Article_num:194
http://sage.cnpereading.com/paragraph/article/?doi=10.1509/jm.77.2.i Article_num:195
http://sage.cnpereading.com/paragraph/article/?doi=10.1509/jm.11.0436 Article_num:196
http://sage.cnpereading.com/paragraph/article/?doi=10.1509/jm.11.0463 Article_num:197
http://sage.cnpereading.com/paragraph/article/?doi=10.1509/jm.11.0356 Article_num:198
http://sage.cnpereading.com/paragraph/article/?doi=10.1509/jm.10.0414 Article_num:199
http://sage.cnpereading.com/paragraph/article/?doi=10.1509/jm.11.0278 Article_num:200
http://sage.cnpereading.com/paragraph/article/?doi=10.1509/jm.11.0544 Article_num:201
http://sage.cnpereading.com/paragraph/article/?doi=10.1509/jm.11.0255 Article_num:202
http://sage.cnpereading.com/paragraph/article/?doi=10.1509/jm.11.0222 Article_num:203
http://sage.cnpereading.com/paragraph/article/?doi=10.1509/jm.10.0182 Article_num:204
http://sage.cnpereading.com/paragraph/article/?doi=10.1509/jm.11.0219 Article_num:205
http://sage.cnpereading.com/paragraph/article/?doi=10.1509/jm.10.0229 Article_num:206
http://sage.cnpereading.com/paragraph/article/?doi=10.1509/jm.10.0047 Article_num:207
http://sage.cnpereading.com/paragraph/article/?doi=10.1509/jm.11.0424 Article_num:208
http://sage.cnpereading.com/paragraph/article/?doi=10.1509/jm.11.0560 Article_num:209
http://sage.cnpereading.com/paragraph/article/?doi=10.1509/jm.11.0454 Article_num:210
http://sage.cnpereading.com/paragraph/article/?doi=10.1509/jm.10.0145 Article_num:211
http://sage.cnpereading.com/paragraph/article/?doi=10.1509/jm.11.0112 Article_num:212
http://sage.cnpereading.com/paragraph/article/?doi=10.1509/jm.11.0349 Article_num:213
http://sage.cnpereading.com/paragraph/article/?doi=10.1509/jm.10.0015 Article_num:214
http://sage.cnpereading.com/paragraph/article/?doi=10.1509/jm.10.0406 Article_num:215
http://sage.cnpereading.com/paragraph/article/?doi=10.1509/jm.10.0529 Article_num:216
http://sage.cnpereading.com/paragraph/article/?doi=10.1509/jm.10.0418 Article_num:217
http://sage.cnpereading.com/paragraph/article/?doi=10.1509/jm.11.0105 Article_num:218
http://sage.cnpereading.com/paragraph/article/?doi=10.1509/jm.11.0205 Article_num:219
http://sage.cnpereading.com/paragraph/article/?doi=10.1509/jm.09.0094 Article_num:220
http://sage.cnpereading.com/paragraph/article/?doi=10.1509/jm.10.0462 Article_num:221
http://sage.cnpereading.com/paragraph/article/?doi=10.1509/jm.11.0225 Article_num:222
http://sage.cnpereading.com/paragraph/article/?doi=10.1509/jm.11.0251 Article_num:223
http://sage.cnpereading.com/paragraph/article/?doi=10.1509/jm.10.0377 Article_num:224
http://sage.cnpereading.com/paragraph/article/?doi=10.1509/jm.10.0537 Article_num:225
http://sage.cnpereading.com/paragraph/article/?doi=10.1509/jm.10.0419 Article_num:226
http://sage.cnpereading.com/paragraph/article/?doi=10.1509/jm.11.0264 Article_num:227
http://sage.cnpereading.com/paragraph/article/?doi=10.1509/jm.09.0416 Article_num:228
http://sage.cnpereading.com/paragraph/article/?doi=10.1509/jm.11.0130 Article_num:229
http://sage.cnpereading.com/paragraph/article/?doi=10.1509/jm.10.0522 Article_num:230
http://sage.cnpereading.com/paragraph/article/?doi=10.1509/jm.10.0443 Article_num:231
http://sage.cnpereading.com/paragraph/article/?doi=10.1509/jm.11.0181 Article_num:232
http://sage.cnpereading.com/paragraph/article/?doi=10.1509/jm.10.0400 Article_num:233
http://sage.cnpereading.com/paragraph/article/?doi=10.1509/jm.10.0368 Article_num:234
http://sage.cnpereading.com/paragraph/article/?doi=10.1509/jm.09.0589 Article_num:235
http://sage.cnpereading.com/paragraph/article/?doi=10.1509/jm.10.0444 Article_num:236
http://sage.cnpereading.com/paragraph/article/?doi=10.1509/jm.10.0231 Article_num:237
http://sage.cnpereading.com/paragraph/article/?doi=10.1509/jm.10.0033 Article_num:238
http://sage.cnpereading.com/paragraph/article/?doi=10.1509/jm.09.0487 Article_num:239
http://sage.cnpereading.com/paragraph/article/?doi=10.1509/jm.10.0445 Article_num:240
http://sage.cnpereading.com/paragraph/article/?doi=10.1509/jm.09.0081 Article_num:241
http://sage.cnpereading.com/paragraph/article/?doi=10.1509/jm.09.0486 Article_num:242
http://sage.cnpereading.com/paragraph/article/?doi=10.1509/jm.10.0494 Article_num:243
http://sage.cnpereading.com/paragraph/article/?doi=10.1509/jm.09.0339 Article_num:244
http://sage.cnpereading.com/paragraph/article/?doi=10.1509/jm.10.0280 Article_num:245
http://sage.cnpereading.com/paragraph/article/?doi=10.1509/jm.10.0205 Article_num:246
http://sage.cnpereading.com/paragraph/article/?doi=10.1509/jm.10.0441 Article_num:247
http://sage.cnpereading.com/paragraph/article/?doi=10.1509/jm.09.0512 Article_num:248
http://sage.cnpereading.com/paragraph/article/?doi=10.1509/jm.09.0420 Article_num:249
http://sage.cnpereading.com/paragraph/article/?doi=10.1509/jm.09.0308 Article_num:250
http://sage.cnpereading.com/paragraph/article/?doi=10.1509/jm.09.0034 Article_num:251
http://sage.cnpereading.com/paragraph/article/?doi=10.1509/jm.09.0320 Article_num:252
http://sage.cnpereading.com/paragraph/article/?doi=10.1509/jm.10.0448 Article_num:253
http://sage.cnpereading.com/paragraph/article/?doi=10.1509/jm.09.0209 Article_num:254
http://sage.cnpereading.com/paragraph/article/?doi=10.1509/jm.10.0073 Article_num:255
http://sage.cnpereading.com/paragraph/article/?doi=10.1509/jm.10.0162 Article_num:256
http://sage.cnpereading.com/paragraph/article/?doi=10.1509/jm.10.0416 Article_num:257
http://sage.cnpereading.com/paragraph/article/?doi=10.1509/jm.09.0581 Article_num:258
http://sage.cnpereading.com/paragraph/article/?doi=10.1509/jm.10.0202 Article_num:259
http://sage.cnpereading.com/paragraph/article/?doi=10.1509/jm.75.6.editorial Article_num:260
http://sage.cnpereading.com/paragraph/article/?doi=10.1509/jm.09.0395 Article_num:261
http://sage.cnpereading.com/paragraph/article/?doi=10.1509/jm.10.0209 Article_num:262
http://sage.cnpereading.com/paragraph/article/?doi=10.1509/jm.09.0199 Article_num:263
http://sage.cnpereading.com/paragraph/article/?doi=10.1509/jm.10.0088 Article_num:264
http://sage.cnpereading.com/paragraph/article/?doi=10.1509/jm.09.0362 Article_num:265
http://sage.cnpereading.com/paragraph/article/?doi=10.1509/jm.09.0202 Article_num:266
http://sage.cnpereading.com/paragraph/article/?doi=10.1509/jm.10.0348 Article_num:267
http://sage.cnpereading.com/paragraph/article/?doi=10.1509/jm.10.0271 Article_num:268
http://sage.cnpereading.com/paragraph/article/?doi=10.1509/jmkg.75.5.1 Article_num:269
http://sage.cnpereading.com/paragraph/article/?doi=10.1509/jmkg.75.5.18 Article_num:270
http://sage.cnpereading.com/paragraph/article/?doi=10.1509/jmkg.75.5.34 Article_num:271
http://sage.cnpereading.com/paragraph/article/?doi=10.1509/jmkg.75.5.53 Article_num:272
http://sage.cnpereading.com/paragraph/article/?doi=10.1509/jmkg.75.5.71 Article_num:273
http://sage.cnpereading.com/paragraph/article/?doi=10.1509/jmkg.75.5.88 Article_num:274
http://sage.cnpereading.com/paragraph/article/?doi=10.1509/jmkg.75.5.120 Article_num:276
http://sage.cnpereading.com/paragraph/article/?doi=10.1509/jmkg.75.4.1 Article_num:277
http://sage.cnpereading.com/paragraph/article/?doi=10.1509/jmkg.75.4.3 Article_num:278
http://sage.cnpereading.com/paragraph/article/?doi=10.1509/jmkg.75.4.21 Article_num:279
http://sage.cnpereading.com/paragraph/article/?doi=10.1509/jmkg.75.4.35 Article_num:280
http://sage.cnpereading.com/paragraph/article/?doi=10.1509/jmkg.75.4.53 Article_num:281
http://sage.cnpereading.com/paragraph/article/?doi=10.1509/jmkg.75.4.68 Article_num:282
http://sage.cnpereading.com/paragraph/article/?doi=10.1509/jmkg.75.4.86 Article_num:283
http://sage.cnpereading.com/paragraph/article/?doi=10.1509/jmkg.75.4.94 Article_num:284
http://sage.cnpereading.com/paragraph/article/?doi=10.1509/jmkg.75.4.110 Article_num:285
http://sage.cnpereading.com/paragraph/article/?doi=10.1509/jmkg.75.4.128 Article_num:286
http://sage.cnpereading.com/paragraph/article/?doi=10.1509/jmkg.75.4.129 Article_num:287
http://sage.cnpereading.com/paragraph/article/?doi=10.1509/jmkg.75.4.132 Article_num:288
http://sage.cnpereading.com/paragraph/article/?doi=10.1509/jmkg.75.4.136 Article_num:289
http://sage.cnpereading.com/paragraph/article/?doi=10.1509/jmkg.75.4.155 Article_num:290
http://sage.cnpereading.com/paragraph/article/?doi=10.1509/jmkg.75.4.166 Article_num:291
http://sage.cnpereading.com/paragraph/article/?doi=10.1509/jmkg.75.4.183 Article_num:292
http://sage.cnpereading.com/paragraph/article/?doi=10.1509/jmkg.75.4.196 Article_num:293
http://sage.cnpereading.com/paragraph/article/?doi=10.1509/jmkg.75.4.211 Article_num:294
http://sage.cnpereading.com/paragraph/article/?doi=10.1509/jmkg.75.4.225 Article_num:295
http://sage.cnpereading.com/paragraph/article/?doi=10.1509/jmkg.75.3.1 Article_num:296
http://sage.cnpereading.com/paragraph/article/?doi=10.1509/jmkg.75.3.27 Article_num:297
http://sage.cnpereading.com/paragraph/article/?doi=10.1509/jmkg.75.3.49 Article_num:298
http://sage.cnpereading.com/paragraph/article/?doi=10.1509/jmkg.75.3.66 Article_num:299
http://sage.cnpereading.com/paragraph/article/?doi=10.1509/jmkg.75.3.83 Article_num:300
http://sage.cnpereading.com/paragraph/article/?doi=10.1509/jmkg.75.3.99 Article_num:301
http://sage.cnpereading.com/paragraph/article/?doi=10.1509/jmkg.75.3.118 Article_num:302
http://sage.cnpereading.com/paragraph/article/?doi=10.1509/jmkg.75.3.132 Article_num:303
http://sage.cnpereading.com/paragraph/article/?doi=10.1509/jm.75.2.1 Article_num:304
http://sage.cnpereading.com/paragraph/article/?doi=10.1509/jm.75.2.18 Article_num:305
http://sage.cnpereading.com/paragraph/article/?doi=10.1509/jm.75.2.36 Article_num:306
http://sage.cnpereading.com/paragraph/article/?doi=10.1509/jm.75.2.55 Article_num:307
http://sage.cnpereading.com/paragraph/article/?doi=10.1509/jm.75.2.75 Article_num:308
http://sage.cnpereading.com/paragraph/article/?doi=10.1509/jm.75.2.93 Article_num:309
http://sage.cnpereading.com/paragraph/article/?doi=10.1509/jm.75.2.109 Article_num:310
http://sage.cnpereading.com/paragraph/article/?doi=10.1509/jm.75.2.125 Article_num:311
http://sage.cnpereading.com/paragraph/article/?doi=10.1509/jm.75.1.1 Article_num:312
http://sage.cnpereading.com/paragraph/article/?doi=10.1509/jm.75.1.16 Article_num:313
http://sage.cnpereading.com/paragraph/article/?doi=10.1509/jm.75.1.31 Article_num:314
http://sage.cnpereading.com/paragraph/article/?doi=10.1509/jm.75.1.46 Article_num:315
http://sage.cnpereading.com/paragraph/article/?doi=10.1509/jm.75.1.60 Article_num:316
http://sage.cnpereading.com/paragraph/article/?doi=10.1509/jm.75.1.78 Article_num:317
http://sage.cnpereading.com/paragraph/article/?doi=10.1509/jm.75.1.96 Article_num:318
http://sage.cnpereading.com/paragraph/article/?doi=10.1509/jm.75.1.109 Article_num:319
http://sage.cnpereading.com/paragraph/article/?doi=10.1509/jmkg.74.6.1 Article_num:320
http://sage.cnpereading.com/paragraph/article/?doi=10.1509/jmkg.74.6.18 Article_num:321
http://sage.cnpereading.com/paragraph/article/?doi=10.1509/jmkg.74.6.41 Article_num:322
http://sage.cnpereading.com/paragraph/article/?doi=10.1509/jmkg.74.6.61 Article_num:323
http://sage.cnpereading.com/paragraph/article/?doi=10.1509/jmkg.74.6.77 Article_num:324
http://sage.cnpereading.com/paragraph/article/?doi=10.1509/jmkg.74.6.94 Article_num:325
http://sage.cnpereading.com/paragraph/article/?doi=10.1509/jmkg.74.6.111 Article_num:326
http://sage.cnpereading.com/paragraph/article/?doi=10.1509/jmkg.74.6.128 Article_num:327
http://sage.cnpereading.com/paragraph/article/?doi=10.1509/jmkg.74.5.iii Article_num:328
http://sage.cnpereading.com/paragraph/article/?doi=10.1509/jmkg.74.5.001 Article_num:329
http://sage.cnpereading.com/paragraph/article/?doi=10.1509/jmkg.74.5.018 Article_num:330
http://sage.cnpereading.com/paragraph/article/?doi=10.1509/jmkg.74.5.032 Article_num:331
http://sage.cnpereading.com/paragraph/article/?doi=10.1509/jmkg.74.5.048 Article_num:332
http://sage.cnpereading.com/paragraph/article/?doi=10.1509/jmkg.74.5.061 Article_num:333
http://sage.cnpereading.com/paragraph/article/?doi=10.1509/jmkg.74.5.080 Article_num:334
http://sage.cnpereading.com/paragraph/article/?doi=10.1509/jmkg.74.5.093 Article_num:335
http://sage.cnpereading.com/paragraph/article/?doi=10.1509/jmkg.74.5.104 Article_num:336
http://sage.cnpereading.com/paragraph/article/?doi=10.1509/jmkg.74.4.001 Article_num:337
http://sage.cnpereading.com/paragraph/article/?doi=10.1509/jmkg.74.4.015 Article_num:338
http://sage.cnpereading.com/paragraph/article/?doi=10.1509/jmkg.74.4.031 Article_num:339
http://sage.cnpereading.com/paragraph/article/?doi=10.1509/jmkg.74.4.045 Article_num:340
http://sage.cnpereading.com/paragraph/article/?doi=10.1509/jmkg.74.4.063 Article_num:341
http://sage.cnpereading.com/paragraph/article/?doi=10.1509/jmkg.74.4.081 Article_num:342
http://sage.cnpereading.com/paragraph/article/?doi=10.1509/jmkg.74.4.097 Article_num:343
http://sage.cnpereading.com/paragraph/article/?doi=10.1509/jmkg.74.4.110 Article_num:344
http://sage.cnpereading.com/paragraph/article/?doi=10.1509/jmkg.74.3.001 Article_num:345
http://sage.cnpereading.com/paragraph/article/?doi=10.1509/jmkg.74.3.018 Article_num:346
http://sage.cnpereading.com/paragraph/article/?doi=10.1509/jmkg.74.3.034 Article_num:347
http://sage.cnpereading.com/paragraph/article/?doi=10.1509/jmkg.74.3.048 Article_num:348
http://sage.cnpereading.com/paragraph/article/?doi=10.1509/jmkg.74.3.065 Article_num:349
http://sage.cnpereading.com/paragraph/article/?doi=10.1509/jmkg.74.3.080 Article_num:350
http://sage.cnpereading.com/paragraph/article/?doi=10.1509/jmkg.74.3.093 Article_num:351
http://sage.cnpereading.com/paragraph/article/?doi=10.1509/jmkg.74.3.107 Article_num:352
http://sage.cnpereading.com/paragraph/article/?doi=10.1509/jm.74.2.1 Article_num:353
http://sage.cnpereading.com/paragraph/article/?doi=10.1509/jm.74.2.20 Article_num:354
http://sage.cnpereading.com/paragraph/article/?doi=10.1509/jm.74.2.40 Article_num:355
http://sage.cnpereading.com/paragraph/article/?doi=10.1509/jm.74.2.55 Article_num:356
http://sage.cnpereading.com/paragraph/article/?doi=10.1509/jm.74.2.71 Article_num:357
http://sage.cnpereading.com/paragraph/article/?doi=10.1509/jm.74.2.90 Article_num:358
http://sage.cnpereading.com/paragraph/article/?doi=10.1509/jm.74.2.105 Article_num:359
http://sage.cnpereading.com/paragraph/article/?doi=10.1509/jm.74.2.121 Article_num:360
http://sage.cnpereading.com/paragraph/article/?doi=10.1509/jm.74.2.133 Article_num:361
http://sage.cnpereading.com/paragraph/article/?doi=10.1509/jmkg.74.1.1 Article_num:362
http://sage.cnpereading.com/paragraph/article/?doi=10.1509/jmkg.74.1.20 Article_num:363
http://sage.cnpereading.com/paragraph/article/?doi=10.1509/jmkg.74.1.34 Article_num:364
http://sage.cnpereading.com/paragraph/article/?doi=10.1509/jmkg.74.1.49 Article_num:365
http://sage.cnpereading.com/paragraph/article/?doi=10.1509/jmkg.74.1.65 Article_num:366
http://sage.cnpereading.com/paragraph/article/?doi=10.1509/jmkg.74.1.80 Article_num:367
http://sage.cnpereading.com/paragraph/article/?doi=10.1509/jmkg.74.1.94 Article_num:368
http://sage.cnpereading.com/paragraph/article/?doi=10.1509/jmkg.74.1.108 Article_num:369
http://sage.cnpereading.com/paragraph/article/?doi=10.1509/jmkg.73.6.1 Article_num:370
http://sage.cnpereading.com/paragraph/article/?doi=10.1509/jmkg.73.6.18 Article_num:371
http://sage.cnpereading.com/paragraph/article/?doi=10.1509/jmkg.73.6.33 Article_num:372
http://sage.cnpereading.com/paragraph/article/?doi=10.1509/jmkg.73.6.47 Article_num:373
http://sage.cnpereading.com/paragraph/article/?doi=10.1509/jmkg.73.6.61 Article_num:374
http://sage.cnpereading.com/paragraph/article/?doi=10.1509/jmkg.73.6.77 Article_num:375
http://sage.cnpereading.com/paragraph/article/?doi=10.1509/jmkg.73.6.92 Article_num:376
http://sage.cnpereading.com/paragraph/article/?doi=10.1509/jmkg.73.6.105 Article_num:377
http://sage.cnpereading.com/paragraph/article/?doi=10.1509/jmkg.73.6.115 Article_num:378
http://sage.cnpereading.com/paragraph/article/?doi=10.1509/jmkg.73.6.119 Article_num:379
http://sage.cnpereading.com/paragraph/article/?doi=10.1509/jmkg.73.6.137 Article_num:380
http://sage.cnpereading.com/paragraph/article/?doi=10.1509/jmkg.73.6.154 Article_num:381
http://sage.cnpereading.com/paragraph/article/?doi=10.1509/jmkg.73.6.167 Article_num:382
http://sage.cnpereading.com/paragraph/article/?doi=10.1509/jmkg.73.6.184 Article_num:383
http://sage.cnpereading.com/paragraph/article/?doi=10.1509/jmkg.73.6.198 Article_num:384
http://sage.cnpereading.com/paragraph/article/?doi=10.1509/jmkg.73.6.214 Article_num:385
http://sage.cnpereading.com/paragraph/article/?doi=10.1509/jmkg.73.6.227 Article_num:386
http://sage.cnpereading.com/paragraph/article/?doi=10.1509/jmkg.73.6.244 Article_num:387
http://sage.cnpereading.com/paragraph/article/?doi=10.1509/jmkg.73.5.1 Article_num:388
http://sage.cnpereading.com/paragraph/article/?doi=10.1509/jmkg.73.5.19 Article_num:389
http://sage.cnpereading.com/paragraph/article/?doi=10.1509/jmkg.73.5.30 Article_num:390
http://sage.cnpereading.com/paragraph/article/?doi=10.1509/jmkg.73.5.52 Article_num:391
http://sage.cnpereading.com/paragraph/article/?doi=10.1509/jmkg.73.5.70 Article_num:392
http://sage.cnpereading.com/paragraph/article/?doi=10.1509/jmkg.73.5.90 Article_num:393
http://sage.cnpereading.com/paragraph/article/?doi=10.1509/jmkg.73.5.103 Article_num:394
http://sage.cnpereading.com/paragraph/article/?doi=10.1509/jmkg.73.5.122 Article_num:395
http://sage.cnpereading.com/paragraph/article/?doi=10.1509/jmkg.73.4.001 Article_num:396
http://sage.cnpereading.com/paragraph/article/?doi=10.1509/jmkg.73.4.004 Article_num:397
http://sage.cnpereading.com/paragraph/article/?doi=10.1509/jmkg.73.4.031 Article_num:398
http://sage.cnpereading.com/paragraph/article/?doi=10.1509/jmkg.73.4.044 Article_num:399
http://sage.cnpereading.com/paragraph/article/?doi=10.1509/jmkg.73.4.064 Article_num:400
http://sage.cnpereading.com/paragraph/article/?doi=10.1509/jmkg.73.4.082 Article_num:401
http://sage.cnpereading.com/paragraph/article/?doi=10.1509/jmkg.73.4.097 Article_num:402
http://sage.cnpereading.com/paragraph/article/?doi=10.1509/jmkg.73.4.125 Article_num:404
http://sage.cnpereading.com/paragraph/article/?doi=10.1509/jmkg.73.3.001 Article_num:405
http://sage.cnpereading.com/paragraph/article/?doi=10.1509/jmkg.73.3.019 Article_num:406
http://sage.cnpereading.com/paragraph/article/?doi=10.1509/jmkg.73.3.035 Article_num:407
http://sage.cnpereading.com/paragraph/article/?doi=10.1509/jmkg.73.3.052 Article_num:408
http://sage.cnpereading.com/paragraph/article/?doi=10.1509/jmkg.73.3.069 Article_num:409
http://sage.cnpereading.com/paragraph/article/?doi=10.1509/jmkg.73.3.086 Article_num:410
http://sage.cnpereading.com/paragraph/article/?doi=10.1509/jmkg.73.3.099 Article_num:411
http://sage.cnpereading.com/paragraph/article/?doi=10.1509/jmkg.73.3.118 Article_num:412
http://sage.cnpereading.com/paragraph/article/?doi=10.1509/jmkg.73.2.1 Article_num:413
http://sage.cnpereading.com/paragraph/article/?doi=10.1509/jmkg.73.2.14 Article_num:414
http://sage.cnpereading.com/paragraph/article/?doi=10.1509/jmkg.73.2.38 Article_num:415
http://sage.cnpereading.com/paragraph/article/?doi=10.1509/jmkg.73.2.55 Article_num:416
http://sage.cnpereading.com/paragraph/article/?doi=10.1509/jmkg.73.2.70 Article_num:417
http://sage.cnpereading.com/paragraph/article/?doi=10.1509/jmkg.73.2.88 Article_num:418
http://sage.cnpereading.com/paragraph/article/?doi=10.1509/jmkg.73.2.105 Article_num:419
http://sage.cnpereading.com/paragraph/article/?doi=10.1509/jmkg.73.2.123 Article_num:420
http://sage.cnpereading.com/paragraph/article/?doi=10.1509/jmkg.73.2.146 Article_num:421
http://sage.cnpereading.com/paragraph/article/?doi=10.1509/jmkg.73.1.001 Article_num:422
http://sage.cnpereading.com/paragraph/article/?doi=10.1509/jmkg.73.1.003 Article_num:423
http://sage.cnpereading.com/paragraph/article/?doi=10.1509/jmkg.73.1.024 Article_num:424
http://sage.cnpereading.com/paragraph/article/?doi=10.1509/jmkg.73.1.044 Article_num:425
http://sage.cnpereading.com/paragraph/article/?doi=10.1509/jmkg.73.1.059 Article_num:426
http://sage.cnpereading.com/paragraph/article/?doi=10.1509/jmkg.73.1.075 Article_num:427
http://sage.cnpereading.com/paragraph/article/?doi=10.1509/jmkg.73.1.093 Article_num:428
http://sage.cnpereading.com/paragraph/article/?doi=10.1509/jmkg.73.1.109 Article_num:429
http://sage.cnpereading.com/paragraph/article/?doi=10.1509/jmkg.73.1.122 Article_num:430
http://sage.cnpereading.com/paragraph/article/?doi=10.1509/jmkg.73.1.133 Article_num:431
http://sage.cnpereading.com/paragraph/article/?doi=10.1509/jmkg.72.6.001 Article_num:432
http://sage.cnpereading.com/paragraph/article/?doi=10.1509/jmkg.72.6.003 Article_num:433
http://sage.cnpereading.com/paragraph/article/?doi=10.1509/jmkg.72.6.019 Article_num:434
http://sage.cnpereading.com/paragraph/article/?doi=10.1509/jmkg.72.6.031 Article_num:435
http://sage.cnpereading.com/paragraph/article/?doi=10.1509/jmkg.72.6.049 Article_num:436
http://sage.cnpereading.com/paragraph/article/?doi=10.1509/jmkg.72.6.065 Article_num:437
http://sage.cnpereading.com/paragraph/article/?doi=10.1509/jmkg.72.6.081 Article_num:438
http://sage.cnpereading.com/paragraph/article/?doi=10.1509/jmkg.72.6.098 Article_num:439
http://sage.cnpereading.com/paragraph/article/?doi=10.1509/jmkg.72.6.109 Article_num:440
http://sage.cnpereading.com/paragraph/article/?doi=10.1509/jmkg.72.6.132 Article_num:441
http://sage.cnpereading.com/paragraph/article/?doi=10.1509/jmkg.72.5.001 Article_num:442
http://sage.cnpereading.com/paragraph/article/?doi=10.1509/jmkg.72.5.015 Article_num:443
http://sage.cnpereading.com/paragraph/article/?doi=10.1509/jmkg.72.5.031 Article_num:444
http://sage.cnpereading.com/paragraph/article/?doi=10.1509/jmkg.72.5.050 Article_num:445
http://sage.cnpereading.com/paragraph/article/?doi=10.1509/jmkg.72.5.069 Article_num:446
http://sage.cnpereading.com/paragraph/article/?doi=10.1509/jmkg.72.5.084 Article_num:447
http://sage.cnpereading.com/paragraph/article/?doi=10.1509/jmkg.72.5.098 Article_num:448
http://sage.cnpereading.com/paragraph/article/?doi=10.1509/jmkg.72.5.110 Article_num:449
http://sage.cnpereading.com/paragraph/article/?doi=10.1509/jmkg.72.5.131 Article_num:450
http://sage.cnpereading.com/paragraph/article/?doi=10.1509/jmkg.72.4.001 Article_num:451
http://sage.cnpereading.com/paragraph/article/?doi=10.1509/jmkg.72.4.012 Article_num:452
http://sage.cnpereading.com/paragraph/article/?doi=10.1509/jmkg.72.4.029 Article_num:453
http://sage.cnpereading.com/paragraph/article/?doi=10.1509/jmkg.72.4.044 Article_num:454
http://sage.cnpereading.com/paragraph/article/?doi=10.1509/jmkg.72.4.058 Article_num:455
http://sage.cnpereading.com/paragraph/article/?doi=10.1509/jmkg.72.4.076 Article_num:456
http://sage.cnpereading.com/paragraph/article/?doi=10.1509/jmkg.72.4.090 Article_num:457
http://sage.cnpereading.com/paragraph/article/?doi=10.1509/jmkg.72.4.105 Article_num:458
http://sage.cnpereading.com/paragraph/article/?doi=10.1509/jmkg.72.4.123 Article_num:459
http://sage.cnpereading.com/paragraph/article/?doi=10.1509/JMKG.72.3.001 Article_num:460
http://sage.cnpereading.com/paragraph/article/?doi=10.1509/JMKG.72.3.014 Article_num:461
http://sage.cnpereading.com/paragraph/article/?doi=10.1509/JMKG.72.3.032 Article_num:462
http://sage.cnpereading.com/paragraph/article/?doi=10.1509/JMKG.72.3.048 Article_num:463
http://sage.cnpereading.com/paragraph/article/?doi=10.1509/JMKG.72.3.064 Article_num:464
http://sage.cnpereading.com/paragraph/article/?doi=10.1509/jmkg.72.3.082 Article_num:465
http://sage.cnpereading.com/paragraph/article/?doi=10.1509/JMKG.72.3.094 Article_num:466
http://sage.cnpereading.com/paragraph/article/?doi=10.1509/JMKG.72.3.111 Article_num:467
http://sage.cnpereading.com/paragraph/article/?doi=10.1509/JMKG.72.3.124 Article_num:468
http://sage.cnpereading.com/paragraph/article/?doi=10.1509/jmkg.72.2.1 Article_num:469
http://sage.cnpereading.com/paragraph/article/?doi=10.1509/jmkg.72.2.15 Article_num:470
http://sage.cnpereading.com/paragraph/article/?doi=10.1509/jmkg.72.2.28 Article_num:471
http://sage.cnpereading.com/paragraph/article/?doi=10.1509/jmkg.72.2.46 Article_num:472
http://sage.cnpereading.com/paragraph/article/?doi=10.1509/jmkg.72.2.63 Article_num:473
http://sage.cnpereading.com/paragraph/article/?doi=10.1509/jmkg.72.2.80 Article_num:474
http://sage.cnpereading.com/paragraph/article/?doi=10.1509/jmkg.72.2.99 Article_num:475
http://sage.cnpereading.com/paragraph/article/?doi=10.1509/jmkg.72.2.114 Article_num:476
http://sage.cnpereading.com/paragraph/article/?doi=10.1509/jmkg.72.2.133 Article_num:477
http://sage.cnpereading.com/paragraph/article/?doi=10.1509/jmkg.72.1.001 Article_num:478
http://sage.cnpereading.com/paragraph/article/?doi=10.1509/jmkg.72.1.016 Article_num:479
http://sage.cnpereading.com/paragraph/article/?doi=10.1509/jmkg.72.1.027 Article_num:480
http://sage.cnpereading.com/paragraph/article/?doi=10.1509/jmkg.72.1.046 Article_num:481
http://sage.cnpereading.com/paragraph/article/?doi=10.1509/jmkg.72.1.065 Article_num:482
http://sage.cnpereading.com/paragraph/article/?doi=10.1509/jmkg.72.1.082 Article_num:483
http://sage.cnpereading.com/paragraph/article/?doi=10.1509/jmkg.72.1.095 Article_num:484
http://sage.cnpereading.com/paragraph/article/?doi=10.1509/jmkg.72.1.108 Article_num:485
http://sage.cnpereading.com/paragraph/article/?doi=10.1509/jmkg.72.1.118 Article_num:486
http://sage.cnpereading.com/paragraph/article/?doi=10.1509/jmkg.71.4.001 Article_num:487
http://sage.cnpereading.com/paragraph/article/?doi=10.1509/jmkg.71.4.019 Article_num:488
http://sage.cnpereading.com/paragraph/article/?doi=10.1509/jmkg.71.4.036 Article_num:489
http://sage.cnpereading.com/paragraph/article/?doi=10.1509/jmkg.71.4.048 Article_num:490
http://sage.cnpereading.com/paragraph/article/?doi=10.1509/jmkg.71.4.063 Article_num:491
http://sage.cnpereading.com/paragraph/article/?doi=10.1509/jmkg.71.4.084 Article_num:492
http://sage.cnpereading.com/paragraph/article/?doi=10.1509/jmkg.71.4.102 Article_num:493
http://sage.cnpereading.com/paragraph/article/?doi=10.1509/jmkg.71.4.121 Article_num:494
http://sage.cnpereading.com/paragraph/article/?doi=10.1509/jmkg.71.4.140 Article_num:495
http://sage.cnpereading.com/paragraph/article/?doi=10.1509/jmkg.71.4.156 Article_num:496
http://sage.cnpereading.com/paragraph/article/?doi=10.1509/jmkg.71.4.172 Article_num:497
http://sage.cnpereading.com/paragraph/article/?doi=10.1509/jmkg.71.4.195 Article_num:498
http://sage.cnpereading.com/paragraph/article/?doi=10.1509/jmkg.71.3.001 Article_num:499
http://sage.cnpereading.com/paragraph/article/?doi=10.1509/jmkg.71.3.018 Article_num:500
http://sage.cnpereading.com/paragraph/article/?doi=10.1509/jmkg.71.3.039 Article_num:501
http://sage.cnpereading.com/paragraph/article/?doi=10.1509/jmkg.71.3.052 Article_num:502
http://sage.cnpereading.com/paragraph/article/?doi=10.1509/jmkg.71.3.075 Article_num:503
http://sage.cnpereading.com/paragraph/article/?doi=10.1509/jmkg.71.3.089 Article_num:504
http://sage.cnpereading.com/paragraph/article/?doi=10.1509/jmkg.71.3.108 Article_num:505
http://sage.cnpereading.com/paragraph/article/?doi=10.1509/jmkg.71.3.124 Article_num:506
http://sage.cnpereading.com/paragraph/article/?doi=10.1509/jmkg.71.3.143 Article_num:507
http://sage.cnpereading.com/paragraph/article/?doi=10.1509/jmkg.71.3.158 Article_num:508
http://sage.cnpereading.com/paragraph/article/?doi=10.1509/jmkg.71.3.171 Article_num:509
http://sage.cnpereading.com/paragraph/article/?doi=10.1509/jmkg.71.3.194 Article_num:510
http://sage.cnpereading.com/paragraph/article/?doi=10.1509/jmkg.71.2.001 Article_num:511
http://sage.cnpereading.com/paragraph/article/?doi=10.1509/jmkg.71.2.012 Article_num:512
http://sage.cnpereading.com/paragraph/article/?doi=10.1509/jmkg.71.2.026 Article_num:513
http://sage.cnpereading.com/paragraph/article/?doi=10.1509/jmkg.71.2.045 Article_num:514
http://sage.cnpereading.com/paragraph/article/?doi=10.1509/jmkg.71.2.061 Article_num:515
http://sage.cnpereading.com/paragraph/article/?doi=10.1509/jmkg.71.2.079 Article_num:516
http://sage.cnpereading.com/paragraph/article/?doi=10.1509/jmkg.71.2.094 Article_num:517
http://sage.cnpereading.com/paragraph/article/?doi=10.1509/jmkg.71.2.114 Article_num:518
http://sage.cnpereading.com/paragraph/article/?doi=10.1509/jmkg.71.2.133 Article_num:519
http://sage.cnpereading.com/paragraph/article/?doi=10.1509/jmkg.71.2.150 Article_num:520
http://sage.cnpereading.com/paragraph/article/?doi=10.1509/jmkg.71.2.169 Article_num:521
http://sage.cnpereading.com/paragraph/article/?doi=10.1509/jmkg.71.2.184 Article_num:522
http://sage.cnpereading.com/paragraph/article/?doi=10.1509/jmkg.71.2.196 Article_num:523
http://sage.cnpereading.com/paragraph/article/?doi=10.1509/jmkg.71.1.001 Article_num:524
http://sage.cnpereading.com/paragraph/article/?doi=10.1509/jmkg.71.1.016 Article_num:525
http://sage.cnpereading.com/paragraph/article/?doi=10.1509/jmkg.71.1.035 Article_num:526
http://sage.cnpereading.com/paragraph/article/?doi=10.1509/jmkg.71.1.049 Article_num:527
http://sage.cnpereading.com/paragraph/article/?doi=10.1509/jmkg.71.1.067 Article_num:528
http://sage.cnpereading.com/paragraph/article/?doi=10.1509/jmkg.71.1.084 Article_num:529
http://sage.cnpereading.com/paragraph/article/?doi=10.1509/jmkg.71.1.095 Article_num:530
http://sage.cnpereading.com/paragraph/article/?doi=10.1509/jmkg.71.1.129 Article_num:532
http://sage.cnpereading.com/paragraph/article/?doi=10.1509/jmkg.71.1.146 Article_num:533
http://sage.cnpereading.com/paragraph/article/?doi=10.1509/jmkg.71.1.160 Article_num:534
http://sage.cnpereading.com/paragraph/article/?doi=10.1509/jmkg.71.1.178 Article_num:535
http://sage.cnpereading.com/paragraph/article/?doi=10.1509/jmkg.71.1.194 Article_num:536
http://sage.cnpereading.com/paragraph/article/?doi=10.1509/jmkg.70.4.001 Article_num:537
http://sage.cnpereading.com/paragraph/article/?doi=10.1509/jmkg.70.4.019 Article_num:538
http://sage.cnpereading.com/paragraph/article/?doi=10.1509/jmkg.70.4.037 Article_num:539
http://sage.cnpereading.com/paragraph/article/?doi=10.1509/jmkg.70.4.056 Article_num:540
http://sage.cnpereading.com/paragraph/article/?doi=10.1509/jmkg.70.4.070 Article_num:541
http://sage.cnpereading.com/paragraph/article/?doi=10.1509/jmkg.70.4.092 Article_num:542
http://sage.cnpereading.com/paragraph/article/?doi=10.1509/jmkg.70.4.103 Article_num:543
http://sage.cnpereading.com/paragraph/article/?doi=10.1509/jmkg.70.4.118 Article_num:544
http://sage.cnpereading.com/paragraph/article/?doi=10.1509/jmkg.70.4.136 Article_num:545
http://sage.cnpereading.com/paragraph/article/?doi=10.1509/jmkg.70.4.154 Article_num:546
http://sage.cnpereading.com/paragraph/article/?doi=10.1509/jmkg.70.4.170 Article_num:547
http://sage.cnpereading.com/paragraph/article/?doi=10.1509/jmkg.70.4.185 Article_num:548
http://sage.cnpereading.com/paragraph/article/?doi=10.1509/jmkg.70.3.001 Article_num:549
http://sage.cnpereading.com/paragraph/article/?doi=10.1509/jmkg.70.3.003 Article_num:550
http://sage.cnpereading.com/paragraph/article/?doi=10.1509/jmkg.70.3.005 Article_num:551
http://sage.cnpereading.com/paragraph/article/?doi=10.1509/jmkg.70.3.021 Article_num:552
http://sage.cnpereading.com/paragraph/article/?doi=10.1509/jmkg.70.3.032 Article_num:553
http://sage.cnpereading.com/paragraph/article/?doi=10.1509/jmkg.70.3.044 Article_num:554
http://sage.cnpereading.com/paragraph/article/?doi=10.1509/jmkg.70.3.058 Article_num:555
http://sage.cnpereading.com/paragraph/article/?doi=10.1509/jmkg.70.3.074 Article_num:556
http://sage.cnpereading.com/paragraph/article/?doi=10.1509/jmkg.70.3.090 Article_num:557
http://sage.cnpereading.com/paragraph/article/?doi=10.1509/jmkg.70.3.104 Article_num:558
http://sage.cnpereading.com/paragraph/article/?doi=10.1509/jmkg.70.3.120 Article_num:559
http://sage.cnpereading.com/paragraph/article/?doi=10.1509/jmkg.70.3.136 Article_num:560
http://sage.cnpereading.com/paragraph/article/?doi=10.1509/jmkg.70.2.001 Article_num:561
http://sage.cnpereading.com/paragraph/article/?doi=10.1509/jmkg.70.2.018 Article_num:562
http://sage.cnpereading.com/paragraph/article/?doi=10.1509/jmkg.70.2.035 Article_num:563
http://sage.cnpereading.com/paragraph/article/?doi=10.1509/jmkg.70.2.052 Article_num:564
http://sage.cnpereading.com/paragraph/article/?doi=10.1509/jmkg.70.2.067 Article_num:565
http://sage.cnpereading.com/paragraph/article/?doi=10.1509/jmkg.70.2.081 Article_num:566
http://sage.cnpereading.com/paragraph/article/?doi=10.1509/jmkg.70.2.095 Article_num:567
http://sage.cnpereading.com/paragraph/article/?doi=10.1509/jmkg.70.2.108 Article_num:568
http://sage.cnpereading.com/paragraph/article/?doi=10.1509/jmkg.70.2.122 Article_num:569
http://sage.cnpereading.com/paragraph/article/?doi=10.1509/jmkg.70.2.133 Article_num:570
http://sage.cnpereading.com/paragraph/article/?doi=10.1509/jmkg.70.1.001.qxd Article_num:571
http://sage.cnpereading.com/paragraph/article/?doi=10.1509/jmkg.70.1.003.qxd Article_num:572
http://sage.cnpereading.com/paragraph/article/?doi=10.1509/jmkg.70.1.015.qxd Article_num:573
http://sage.cnpereading.com/paragraph/article/?doi=10.1509/jmkg.70.1.034.qxd Article_num:574
http://sage.cnpereading.com/paragraph/article/?doi=10.1509/jmkg.70.1.050.qxd Article_num:575
http://sage.cnpereading.com/paragraph/article/?doi=10.1509/jmkg.70.1.065.qxd Article_num:576
http://sage.cnpereading.com/paragraph/article/?doi=10.1509/jmkg.70.1.079.qxd Article_num:577
http://sage.cnpereading.com/paragraph/article/?doi=10.1509/jmkg.70.1.092.qxd Article_num:578
http://sage.cnpereading.com/paragraph/article/?doi=10.1509/jmkg.70.1.107.qxd Article_num:579
http://sage.cnpereading.com/paragraph/article/?doi=10.1509/jmkg.70.1.119.qxd Article_num:580
http://sage.cnpereading.com/paragraph/article/?doi=10.1509/jmkg.70.1.137.qxd Article_num:581
http://sage.cnpereading.com/paragraph/article/?doi=10.1509/jmkg.2005.69.4.1 Article_num:582
http://sage.cnpereading.com/paragraph/article/?doi=10.1509/jmkg.2005.69.4.26 Article_num:583
http://sage.cnpereading.com/paragraph/article/?doi=10.1509/jmkg.2005.69.4.44 Article_num:584
http://sage.cnpereading.com/paragraph/article/?doi=10.1509/jmkg.2005.69.4.61 Article_num:585
http://sage.cnpereading.com/paragraph/article/?doi=10.1509/jmkg.2005.69.4.84 Article_num:586
http://sage.cnpereading.com/paragraph/article/?doi=10.1509/jmkg.2005.69.4.103 Article_num:587
http://sage.cnpereading.com/paragraph/article/?doi=10.1509/jmkg.2005.69.4.118 Article_num:588
http://sage.cnpereading.com/paragraph/article/?doi=10.1509/jmkg.2005.69.4.133 Article_num:589
http://sage.cnpereading.com/paragraph/article/?doi=10.1509/jmkg.2005.69.4.153 Article_num:590
http://sage.cnpereading.com/paragraph/article/?doi=10.1509/jmkg.2005.69.4.155 Article_num:591
http://sage.cnpereading.com/paragraph/article/?doi=10.1509/jmkg.2005.69.4.167 Article_num:592
http://sage.cnpereading.com/paragraph/article/?doi=10.1509/jmkg.2005.69.4.177 Article_num:593
http://sage.cnpereading.com/paragraph/article/?doi=10.1509/jmkg.2005.69.4.193 Article_num:594
http://sage.cnpereading.com/paragraph/article/?doi=10.1509/jmkg.2005.69.4.201 Article_num:595
http://sage.cnpereading.com/paragraph/article/?doi=10.1509/jmkg.2005.69.4.210 Article_num:596
http://sage.cnpereading.com/paragraph/article/?doi=10.1509/jmkg.2005.69.4.219 Article_num:597
http://sage.cnpereading.com/paragraph/article/?doi=10.1509/jmkg.2005.69.4.230 Article_num:598
http://sage.cnpereading.com/paragraph/article/?doi=10.1509/jmkg.2005.69.4.239 Article_num:599
http://sage.cnpereading.com/paragraph/article/?doi=10.1509/jmkg.2005.69.4.252 Article_num:600
http://sage.cnpereading.com/paragraph/article/?doi=10.1509/jmkg.2005.69.4.262 Article_num:601
http://sage.cnpereading.com/paragraph/article/?doi=10.1509/jmkg.69.3.1.66358 Article_num:602
http://sage.cnpereading.com/paragraph/article/?doi=10.1509/jmkg.69.3.19.66363 Article_num:603
http://sage.cnpereading.com/paragraph/article/?doi=10.1509/jmkg.69.3.35.66357 Article_num:604
http://sage.cnpereading.com/paragraph/article/?doi=10.1509/jmkg.69.3.49.66362 Article_num:605
http://sage.cnpereading.com/paragraph/article/?doi=10.1509/jmkg.69.3.66.66368 Article_num:606
http://sage.cnpereading.com/paragraph/article/?doi=10.1509/jmkg.69.3.80.66360 Article_num:607
http://sage.cnpereading.com/paragraph/article/?doi=10.1509/jmkg.69.3.95.66367 Article_num:608
http://sage.cnpereading.com/paragraph/article/?doi=10.1509/jmkg.69.3.115.66364 Article_num:609
http://sage.cnpereading.com/paragraph/article/?doi=10.1509/jmkg.69.3.131.66359 Article_num:610
http://sage.cnpereading.com/paragraph/article/?doi=10.1509/jmkg.69.3.152.66361 Article_num:611
http://sage.cnpereading.com/paragraph/article/?doi=10.1509/jmkg.69.2.1.60755 Article_num:612
http://sage.cnpereading.com/paragraph/article/?doi=10.1509/jmkg.69.2.15.60763 Article_num:613
http://sage.cnpereading.com/paragraph/article/?doi=10.1509/jmkg.69.2.24.60761 Article_num:614
http://sage.cnpereading.com/paragraph/article/?doi=10.1509/jmkg.69.2.42.60756 Article_num:615
http://sage.cnpereading.com/paragraph/article/?doi=10.1509/jmkg.69.2.61.60759 Article_num:616
http://sage.cnpereading.com/paragraph/article/?doi=10.1509/jmkg.69.2.84.60760 Article_num:617
http://sage.cnpereading.com/paragraph/article/?doi=10.1509/jmkg.69.2.97.60757 Article_num:618
http://sage.cnpereading.com/paragraph/article/?doi=10.1509/jmkg.69.2.114.60762 Article_num:619
http://sage.cnpereading.com/paragraph/article/?doi=10.1509/jmkg.69.2.130.60758 Article_num:620
http://sage.cnpereading.com/paragraph/article/?doi=10.1509/jmkg.69.1.1.55513 Article_num:621
http://sage.cnpereading.com/paragraph/article/?doi=10.1509/jmkg.69.1.15.55507 Article_num:622
http://sage.cnpereading.com/paragraph/article/?doi=10.1509/jmkg.69.1.32.55512 Article_num:623
http://sage.cnpereading.com/paragraph/article/?doi=10.1509/jmkg.69.1.46.55506 Article_num:624
http://sage.cnpereading.com/paragraph/article/?doi=10.1509/jmkg.69.1.63.55511 Article_num:625
http://sage.cnpereading.com/paragraph/article/?doi=10.1509/jmkg.69.1.80.55505 Article_num:626
http://sage.cnpereading.com/paragraph/article/?doi=10.1509/jmkg.69.1.95.55510 Article_num:627
http://sage.cnpereading.com/paragraph/article/?doi=10.1509/jmkg.69.1.114.55514 Article_num:628
http://sage.cnpereading.com/paragraph/article/?doi=10.1509/jmkg.69.1.131.55509 Article_num:629
http://sage.cnpereading.com/paragraph/article/?doi=10.1509/jmkg.68.4.1.42733 Article_num:630
http://sage.cnpereading.com/paragraph/article/?doi=10.1509/jmkg.68.4.16.42726 Article_num:631
http://sage.cnpereading.com/paragraph/article/?doi=10.1509/jmkg.68.4.33.42732 Article_num:632
http://sage.cnpereading.com/paragraph/article/?doi=10.1509/jmkg.68.4.47.42722 Article_num:633
http://sage.cnpereading.com/paragraph/article/?doi=10.1509/jmkg.68.4.60.42736 Article_num:634
http://sage.cnpereading.com/paragraph/article/?doi=10.1509/jmkg.68.4.73.42727 Article_num:635
http://sage.cnpereading.com/paragraph/article/?doi=10.1509/jmkg.68.4.76.42721 Article_num:636
http://sage.cnpereading.com/paragraph/article/?doi=10.1509/jmkg.68.4.90.42734 Article_num:637
http://sage.cnpereading.com/paragraph/article/?doi=10.1509/jmkg.68.4.106.42728 Article_num:638
http://sage.cnpereading.com/paragraph/article/?doi=10.1509/jmkg.68.4.126.42735 Article_num:639
http://sage.cnpereading.com/paragraph/article/?doi=10.1509/jmkg.68.4.142.42724 Article_num:640
http://sage.cnpereading.com/paragraph/article/?doi=10.1509/jmkg.68.4.157.42730 Article_num:641
http://sage.cnpereading.com/paragraph/article/?doi=10.1509/jmkg.68.4.172.42723 Article_num:642
http://sage.cnpereading.com/paragraph/article/?doi=10.1509/jmkg.68.3.1.34768 Article_num:643
http://sage.cnpereading.com/paragraph/article/?doi=10.1509/jmkg.68.3.21.34765 Article_num:644
http://sage.cnpereading.com/paragraph/article/?doi=10.1509/jmkg.68.3.37.34769 Article_num:645
http://sage.cnpereading.com/paragraph/article/?doi=10.1509/jmkg.68.3.48.34766 Article_num:646
http://sage.cnpereading.com/paragraph/article/?doi=10.1509/jmkg.68.3.63.34772 Article_num:647
http://sage.cnpereading.com/paragraph/article/?doi=10.1509/jmkg.68.3.78.34764 Article_num:648
http://sage.cnpereading.com/paragraph/article/?doi=10.1509/jmkg.68.3.92.34770 Article_num:649
http://sage.cnpereading.com/paragraph/article/?doi=10.1509/jmkg.68.3.110.34767 Article_num:650
http://sage.cnpereading.com/paragraph/article/?doi=10.1509/jmkg.68.2.1.27786 Article_num:651
http://sage.cnpereading.com/paragraph/article/?doi=10.1509/jmkg.68.2.18.27790 Article_num:652
http://sage.cnpereading.com/paragraph/article/?doi=10.1509/jmkg.68.2.36.27794 Article_num:653
http://sage.cnpereading.com/paragraph/article/?doi=10.1509/jmkg.68.2.51.27789 Article_num:654
http://sage.cnpereading.com/paragraph/article/?doi=10.1509/jmkg.68.2.72.27793 Article_num:655
http://sage.cnpereading.com/paragraph/article/?doi=10.1509/jmkg.68.2.88.27787 Article_num:656
http://sage.cnpereading.com/paragraph/article/?doi=10.1509/jmkg.68.2.101.27792 Article_num:657
http://sage.cnpereading.com/paragraph/article/?doi=10.1509/jmkg.68.2.114.27788 Article_num:658
http://sage.cnpereading.com/paragraph/article/?doi=10.1509/jmkg.68.1.1.24036 Article_num:659
http://sage.cnpereading.com/paragraph/article/?doi=10.1509/jmkg.68.1.18.24035 Article_num:660
http://sage.cnpereading.com/paragraph/article/?doi=10.1509/jmkg.68.1.28.24032 Article_num:661
http://sage.cnpereading.com/paragraph/article/?doi=10.1509/jmkg.68.1.41.24026 Article_num:662
http://sage.cnpereading.com/paragraph/article/?doi=10.1509/jmkg.68.1.59.24029 Article_num:663
http://sage.cnpereading.com/paragraph/article/?doi=10.1509/jmkg.68.1.73.24037 Article_num:664
http://sage.cnpereading.com/paragraph/article/?doi=10.1509/jmkg.68.1.90.24028 Article_num:665
http://sage.cnpereading.com/paragraph/article/?doi=10.1509/jmkg.68.1.109.24030 Article_num:666
http://sage.cnpereading.com/paragraph/article/?doi=10.1509/jmkg.68.1.128.24034 Article_num:667
http://sage.cnpereading.com/paragraph/article/?doi=10.1509/jmkg.68.1.147.24027 Article_num:668
http://sage.cnpereading.com/paragraph/article/?doi=10.1509/jmkg.67.4.1.18688 Article_num:669
http://sage.cnpereading.com/paragraph/article/?doi=10.1509/mkg.67.4.18.18689 Article_num:670
http://sage.cnpereading.com/paragraph/article/?doi=10.1509/jmkg.67.4.30.18685 Article_num:671
http://sage.cnpereading.com/paragraph/article/?doi=10.1509/jmkg.67.4.46.18690 Article_num:672
http://sage.cnpereading.com/paragraph/article/?doi=10.1509/jmkg.67.4.67.18682 Article_num:673
http://sage.cnpereading.com/paragraph/article/?doi=10.1509/jmkg.67.4.82.18687 Article_num:674
http://sage.cnpereading.com/paragraph/article/?doi=10.1509/jmkg.67.4.103.18692 Article_num:675
http://sage.cnpereading.com/paragraph/article/?doi=10.1509/jmkg.67.3.1.18652 Article_num:676
http://sage.cnpereading.com/paragraph/article/?doi=10.1509/jmkg.67.3.19.18657 Article_num:677
http://sage.cnpereading.com/paragraph/article/?doi=10.1509/jmkg.67.3.34.18653 Article_num:678
http://sage.cnpereading.com/paragraph/article/?doi=10.1509/jmkg.67.3.47.18659 Article_num:679
http://sage.cnpereading.com/paragraph/article/?doi=10.1509/jmkg.67.3.63.18654 Article_num:680
http://sage.cnpereading.com/paragraph/article/?doi=10.1509/jmkg.67.3.80.18656 Article_num:681
http://sage.cnpereading.com/paragraph/article/?doi=10.1509/jmkg.67.3.96.18651 Article_num:682
http://sage.cnpereading.com/paragraph/article/?doi=10.1509/jmkg.67.3.108.18655 Article_num:683
http://sage.cnpereading.com/paragraph/article/?doi=10.1509/jmkg.67.2.1.18607 Article_num:684
http://sage.cnpereading.com/paragraph/article/?doi=10.1509/jmkg.67.2.19.18608 Article_num:685
http://sage.cnpereading.com/paragraph/article/?doi=10.1509/jmkg.67.2.35.18612 Article_num:686
http://sage.cnpereading.com/paragraph/article/?doi=10.1509/jmkg.67.2.49.18606 Article_num:687
http://sage.cnpereading.com/paragraph/article/?doi=10.1509/jmkg.67.2.62.18615 Article_num:688
http://sage.cnpereading.com/paragraph/article/?doi=10.1509/jmkg.67.2.76.18609 Article_num:689
http://sage.cnpereading.com/paragraph/article/?doi=10.1509/jmkg.67.2.89.18614 Article_num:690
http://sage.cnpereading.com/paragraph/article/?doi=10.1509/jmkg.67.2.106.18604 Article_num:691
http://sage.cnpereading.com/paragraph/article/?doi=10.1509/jmkg.67.2.123.18610 Article_num:692
http://sage.cnpereading.com/paragraph/article/?doi=10.1509/jmkg.67.2.140.18616 Article_num:693
http://sage.cnpereading.com/paragraph/article/?doi=10.1509/jmkg.67.1.1.18596 Article_num:694
http://sage.cnpereading.com/paragraph/article/?doi=10.1509/jmkg.67.1.4.18594 Article_num:695
http://sage.cnpereading.com/paragraph/article/?doi=10.1509/jmkg.67.1.14.18592 Article_num:696
http://sage.cnpereading.com/paragraph/article/?doi=10.1509/jmkg.67.1.29.18586 Article_num:697
http://sage.cnpereading.com/paragraph/article/?doi=10.1509/jmkg.67.1.46.18591 Article_num:698
http://sage.cnpereading.com/paragraph/article/?doi=10.1509/jmkg.67.1.63.18595 Article_num:699
http://sage.cnpereading.com/paragraph/article/?doi=10.1509/jmkg.67.1.77.18589 Article_num:700
http://sage.cnpereading.com/paragraph/article/?doi=10.1509/jmkg.67.1.100.18588 Article_num:701
http://sage.cnpereading.com/paragraph/article/?doi=10.1509/jmkg.67.1.116.18593 Article_num:702
http://sage.cnpereading.com/paragraph/article/?doi=10.1509/jmkg.66.4.1.18520 Article_num:703
http://sage.cnpereading.com/paragraph/article/?doi=10.1509/jmkg.66.4.7.18515 Article_num:704
http://sage.cnpereading.com/paragraph/article/?doi=10.1509/jmkg.66.4.25.18513 Article_num:705
http://sage.cnpereading.com/paragraph/article/?doi=10.1509/jmkg.66.4.40.18519 Article_num:706
http://sage.cnpereading.com/paragraph/article/?doi=10.1509/jmkg.66.4.57.18512 Article_num:707
http://sage.cnpereading.com/paragraph/article/?doi=10.1509/jmkg.66.4.72.18516 Article_num:708
http://sage.cnpereading.com/paragraph/article/?doi=10.1509/jmkg.66.4.86.18511 Article_num:709
http://sage.cnpereading.com/paragraph/article/?doi=10.1509/jmkg.66.4.102.18517 Article_num:710
http://sage.cnpereading.com/paragraph/article/?doi=10.1509/jmkg.66.3.1.18505 Article_num:711
http://sage.cnpereading.com/paragraph/article/?doi=10.1509/jmkg.66.3.18.18507 Article_num:712
http://sage.cnpereading.com/paragraph/article/?doi=10.1509/jmkg.66.3.33.18500 Article_num:713
http://sage.cnpereading.com/paragraph/article/?doi=10.1509/jmkg.66.3.47.18508 Article_num:714
http://sage.cnpereading.com/paragraph/article/?doi=10.1509/jmkg.66.3.61.18501 Article_num:715
http://sage.cnpereading.com/paragraph/article/?doi=10.1509/jmkg.66.3.82.18504 Article_num:716
http://sage.cnpereading.com/paragraph/article/?doi=10.1509/jmkg.66.3.98.18510 Article_num:717
http://sage.cnpereading.com/paragraph/article/?doi=10.1509/jmkg.66.3.112.18502 Article_num:718
http://sage.cnpereading.com/paragraph/article/?doi=10.1509/jmkg.66.3.128.18509 Article_num:719
http://sage.cnpereading.com/paragraph/article/?doi=10.1509/jmkg.66.2.1.18472 Article_num:720
http://sage.cnpereading.com/paragraph/article/?doi=10.1509/jmkg.66.2.17.18480 Article_num:721
http://sage.cnpereading.com/paragraph/article/?doi=10.1509/jmkg.66.2.38.18471 Article_num:722
http://sage.cnpereading.com/paragraph/article/?doi=10.1509/jmkg.66.2.61.18474 Article_num:723
http://sage.cnpereading.com/paragraph/article/?doi=10.1509/jmkg.66.2.83.18476 Article_num:724
http://sage.cnpereading.com/paragraph/article/?doi=10.1509/jmkg.66.2.102.18478 Article_num:725
http://sage.cnpereading.com/paragraph/article/?doi=10.1509/jmkg.66.2.120.18470 Article_num:726
http://sage.cnpereading.com/paragraph/article/?doi=10.1509/jmkg.66.2.142.18473 Article_num:727
http://sage.cnpereading.com/paragraph/article/?doi=10.1509/jmkg.66.1.1.18447 Article_num:728
http://sage.cnpereading.com/paragraph/article/?doi=10.1509/jmkg.66.1.15.18449 Article_num:729
http://sage.cnpereading.com/paragraph/article/?doi=10.1509/jmkg.66.1.38.18451 Article_num:730
http://sage.cnpereading.com/paragraph/article/?doi=10.1509/jmkg.66.1.55.18455 Article_num:731
http://sage.cnpereading.com/paragraph/article/?doi=10.1509/jmkg.66.1.73.18450 Article_num:732
http://sage.cnpereading.com/paragraph/article/?doi=10.1509/jmkg.66.1.94.18453 Article_num:733
http://sage.cnpereading.com/paragraph/article/?doi=10.1509/jmkg.66.1.108.18452 Article_num:734
http://sage.cnpereading.com/paragraph/article/?doi=10.1509/jmkg.65.4.1.18388 Article_num:735
http://sage.cnpereading.com/paragraph/article/?doi=10.1509/jmkg.65.4.16.18382 Article_num:736
http://sage.cnpereading.com/paragraph/article/?doi=10.1509/jmkg.65.4.33.18386 Article_num:737
http://sage.cnpereading.com/paragraph/article/?doi=10.1509/jmkg.65.4.51.18380 Article_num:738
http://sage.cnpereading.com/paragraph/article/?doi=10.1509/jmkg.65.4.67.18385 Article_num:739
http://sage.cnpereading.com/paragraph/article/?doi=10.1509/jmkg.65.4.82.18390 Article_num:740
http://sage.cnpereading.com/paragraph/article/?doi=10.1509/jmkg.65.4.105.18387 Article_num:741
http://sage.cnpereading.com/paragraph/article/?doi=10.1509/jmkg.65.3.1.18332 Article_num:742
http://sage.cnpereading.com/paragraph/article/?doi=10.1509/jmkg.65.3.17.18331 Article_num:743
http://sage.cnpereading.com/paragraph/article/?doi=10.1509/jmkg.65.3.34.18334 Article_num:744
http://sage.cnpereading.com/paragraph/article/?doi=10.1509/jmkg.65.3.50.18330 Article_num:745
http://sage.cnpereading.com/paragraph/article/?doi=10.1509/jmkg.65.3.64.18333 Article_num:746
http://sage.cnpereading.com/paragraph/article/?doi=10.1509/jmkg.65.3.79.18329 Article_num:747
http://sage.cnpereading.com/paragraph/article/?doi=10.1509/jmkg.65.3.91.18336 Article_num:748
http://sage.cnpereading.com/paragraph/article/?doi=10.1509/jmkg.65.2.1.18253 Article_num:749
http://sage.cnpereading.com/paragraph/article/?doi=10.1509/jmkg.65.2.19.18256 Article_num:750
http://sage.cnpereading.com/paragraph/article/?doi=10.1509/jmkg.65.2.35.18252 Article_num:751
http://sage.cnpereading.com/paragraph/article/?doi=10.1509/jmkg.65.2.54.18254 Article_num:752
http://sage.cnpereading.com/paragraph/article/?doi=10.1509/jmkg.65.2.67.18259 Article_num:753
http://sage.cnpereading.com/paragraph/article/?doi=10.1509/jmkg.65.2.81.18255 Article_num:754
http://sage.cnpereading.com/paragraph/article/?doi=10.1509/jmkg.65.2.94.18251 Article_num:755
http://sage.cnpereading.com/paragraph/article/?doi=10.1509/jmkg.65.1.1.18133 Article_num:756
http://sage.cnpereading.com/paragraph/article/?doi=10.1509/jmkg.65.1.15.18129 Article_num:757
http://sage.cnpereading.com/paragraph/article/?doi=10.1509/jmkg.65.1.29.18136 Article_num:758
http://sage.cnpereading.com/paragraph/article/?doi=10.1509/jmkg.65.1.44.18130 Article_num:759
http://sage.cnpereading.com/paragraph/article/?doi=10.1509/jmkg.65.1.62.18134 Article_num:760
http://sage.cnpereading.com/paragraph/article/?doi=10.1509/jmkg.65.1.71.18132 Article_num:761
http://sage.cnpereading.com/paragraph/article/?doi=10.1509/jmkg.65.1.90.18135 Article_num:762
http://sage.cnpereading.com/paragraph/article/?doi=10.1509/jmkg.64.4.1.18078 Article_num:763
http://sage.cnpereading.com/paragraph/article/?doi=10.1509/jmkg.64.4.17.18077 Article_num:764
http://sage.cnpereading.com/paragraph/article/?doi=10.1509/jmkg.64.4.36.18070 Article_num:765
http://sage.cnpereading.com/paragraph/article/?doi=10.1509/jmkg.64.4.52.18075 Article_num:766
http://sage.cnpereading.com/paragraph/article/?doi=10.1509/jmkg.64.4.65.18071 Article_num:767
http://sage.cnpereading.com/paragraph/article/?doi=10.1509/jmkg.64.4.82.18073 Article_num:768
http://sage.cnpereading.com/paragraph/article/?doi=10.1509/jmkg.64.4.110.18069 Article_num:769
http://sage.cnpereading.com/paragraph/article/?doi=10.1509/jmkg.64.3.1.18033 Article_num:770
http://sage.cnpereading.com/paragraph/article/?doi=10.1509/jmkg.64.3.18.18026 Article_num:771
http://sage.cnpereading.com/paragraph/article/?doi=10.1509/jmkg.64.3.34.18030 Article_num:772
http://sage.cnpereading.com/paragraph/article/?doi=10.1509/jmkg.64.3.50.18024 Article_num:773
http://sage.cnpereading.com/paragraph/article/?doi=10.1509/jmkg.64.3.65.18028 Article_num:774
http://sage.cnpereading.com/paragraph/article/?doi=10.1509/jmkg.64.3.88.18032 Article_num:775
http://sage.cnpereading.com/paragraph/article/?doi=10.1509/jmkg.64.3.102.18031 Article_num:776
http://sage.cnpereading.com/paragraph/article/?doi=10.1509/jmkg.64.2.1.17999 Article_num:777
http://sage.cnpereading.com/paragraph/article/?doi=10.1509/jmkg.64.2.15.17998 Article_num:778
http://sage.cnpereading.com/paragraph/article/?doi=10.1509/jmkg.64.2.35.18001 Article_num:779
http://sage.cnpereading.com/paragraph/article/?doi=10.1509/jmkg.64.2.51.17995 Article_num:780
http://sage.cnpereading.com/paragraph/article/?doi=10.1509/jmkg.64.2.66.18000 Article_num:781
http://sage.cnpereading.com/paragraph/article/?doi=10.1509/jmkg.64.2.92.18002 Article_num:783
http://sage.cnpereading.com/paragraph/article/?doi=10.1509/jmkg.64.2.109.17997 Article_num:784
http://sage.cnpereading.com/paragraph/article/?doi=10.1509/jmkg.64.1.1.17987 Article_num:785
http://sage.cnpereading.com/paragraph/article/?doi=10.1509/jmkg.64.1.17.17990 Article_num:786
http://sage.cnpereading.com/paragraph/article/?doi=10.1509/jmkg.64.1.31.17985 Article_num:787
http://sage.cnpereading.com/paragraph/article/?doi=10.1509/jmkg.64.1.50.17989 Article_num:788
http://sage.cnpereading.com/paragraph/article/?doi=10.1509/jmkg.64.1.67.17993 Article_num:789
http://sage.cnpereading.com/paragraph/article/?doi=10.1509/jmkg.64.1.84.17988 Article_num:790
http://sage.cnpereading.com/paragraph/article/?doi=10.1509/jmkg.64.1.88.17984 Article_num:791
http://sage.cnpereading.com/paragraph/article/?doi=10.1509/jmkg.64.1.91.17983 Article_num:792
http://sage.cnpereading.com/paragraph/article/?doi=10.1177/00222429990634s101 Article_num:793
http://sage.cnpereading.com/paragraph/article/?doi=10.1177/00222429990634s102 Article_num:794
http://sage.cnpereading.com/paragraph/article/?doi=10.1177/00222429990634s103 Article_num:795
http://sage.cnpereading.com/paragraph/article/?doi=10.1177/00222429990634s104 Article_num:796
http://sage.cnpereading.com/paragraph/article/?doi=10.1177/00222429990634s105 Article_num:797
http://sage.cnpereading.com/paragraph/article/?doi=10.1177/00222429990634s106 Article_num:798
http://sage.cnpereading.com/paragraph/article/?doi=10.1177/00222429990634s107 Article_num:799
http://sage.cnpereading.com/paragraph/article/?doi=10.1177/00222429990634s108 Article_num:800
http://sage.cnpereading.com/paragraph/article/?doi=10.1177/00222429990634s109 Article_num:801
http://sage.cnpereading.com/paragraph/article/?doi=10.1177/00222429990634s110 Article_num:802
http://sage.cnpereading.com/paragraph/article/?doi=10.1177/00222429990634s111 Article_num:803
http://sage.cnpereading.com/paragraph/article/?doi=10.1177/00222429990634s112 Article_num:804
http://sage.cnpereading.com/paragraph/article/?doi=10.1177/00222429990634s113 Article_num:805
http://sage.cnpereading.com/paragraph/article/?doi=10.1177/00222429990634s114 Article_num:806
http://sage.cnpereading.com/paragraph/article/?doi=10.1177/00222429990634s115 Article_num:807
http://sage.cnpereading.com/paragraph/article/?doi=10.1177/00222429990634s116 Article_num:808
http://sage.cnpereading.com/paragraph/article/?doi=10.1177/00222429990634s117 Article_num:809
http://sage.cnpereading.com/paragraph/article/?doi=10.1177/00222429990634s118 Article_num:810
http://sage.cnpereading.com/paragraph/article/?doi=10.1177/002224299906300401 Article_num:811
http://sage.cnpereading.com/paragraph/article/?doi=10.1177/002224299906300402 Article_num:812
http://sage.cnpereading.com/paragraph/article/?doi=10.1177/002224299906300403 Article_num:813
http://sage.cnpereading.com/paragraph/article/?doi=10.1177/002224299906300404 Article_num:814
http://sage.cnpereading.com/paragraph/article/?doi=10.1177/002224299906300405 Article_num:815
http://sage.cnpereading.com/paragraph/article/?doi=10.1177/002224299906300406 Article_num:816
http://sage.cnpereading.com/paragraph/article/?doi=10.1177/002224299906300407 Article_num:817
http://sage.cnpereading.com/paragraph/article/?doi=10.1177/002224299906300408 Article_num:818
http://sage.cnpereading.com/paragraph/article/?doi=10.1177/002224299906300409 Article_num:819
http://sage.cnpereading.com/paragraph/article/?doi=10.1177/002224299906300410 Article_num:820
http://sage.cnpereading.com/paragraph/article/?doi=10.1177/002224299906300411 Article_num:821
http://sage.cnpereading.com/paragraph/article/?doi=10.1177/002224299906300301 Article_num:822
http://sage.cnpereading.com/paragraph/article/?doi=10.1177/002224299906300302 Article_num:823
http://sage.cnpereading.com/paragraph/article/?doi=10.1177/002224299906300303 Article_num:824
http://sage.cnpereading.com/paragraph/article/?doi=10.1177/002224299906300304 Article_num:825
http://sage.cnpereading.com/paragraph/article/?doi=10.1177/002224299906300305 Article_num:826
http://sage.cnpereading.com/paragraph/article/?doi=10.1177/002224299906300306 Article_num:827
http://sage.cnpereading.com/paragraph/article/?doi=10.1177/002224299906300307 Article_num:828
http://sage.cnpereading.com/paragraph/article/?doi=10.1177/002224299906300308 Article_num:829
http://sage.cnpereading.com/paragraph/article/?doi=10.1177/002224299906300309 Article_num:830
http://sage.cnpereading.com/paragraph/article/?doi=10.1177/002224299906300201 Article_num:831
http://sage.cnpereading.com/paragraph/article/?doi=10.1177/002224299906300202 Article_num:832
http://sage.cnpereading.com/paragraph/article/?doi=10.1177/002224299906300203 Article_num:833
http://sage.cnpereading.com/paragraph/article/?doi=10.1177/002224299906300204 Article_num:834
http://sage.cnpereading.com/paragraph/article/?doi=10.1177/002224299906300205 Article_num:835
http://sage.cnpereading.com/paragraph/article/?doi=10.1177/002224299906300206 Article_num:836
http://sage.cnpereading.com/paragraph/article/?doi=10.1177/002224299906300207 Article_num:837
http://sage.cnpereading.com/paragraph/article/?doi=10.1177/002224299906300208 Article_num:838
http://sage.cnpereading.com/paragraph/article/?doi=10.1177/002224299906300101 Article_num:839
http://sage.cnpereading.com/paragraph/article/?doi=10.1177/002224299906300102 Article_num:840
http://sage.cnpereading.com/paragraph/article/?doi=10.1177/002224299906300103 Article_num:841
http://sage.cnpereading.com/paragraph/article/?doi=10.1177/002224299906300104 Article_num:842
http://sage.cnpereading.com/paragraph/article/?doi=10.1177/002224299906300105 Article_num:843
http://sage.cnpereading.com/paragraph/article/?doi=10.1177/002224299906300106 Article_num:844
http://sage.cnpereading.com/paragraph/article/?doi=10.1177/002224299906300107 Article_num:845
http://sage.cnpereading.com/paragraph/article/?doi=10.1177/002224299906300108 Article_num:846
http://sage.cnpereading.com/paragraph/article/?doi=10.1177/002224299806200401 Article_num:847
http://sage.cnpereading.com/paragraph/article/?doi=10.1177/002224299806200402 Article_num:848
http://sage.cnpereading.com/paragraph/article/?doi=10.1177/002224299806200403 Article_num:849
http://sage.cnpereading.com/paragraph/article/?doi=10.1177/002224299806200404 Article_num:850
http://sage.cnpereading.com/paragraph/article/?doi=10.1177/002224299806200405 Article_num:851
http://sage.cnpereading.com/paragraph/article/?doi=10.1177/002224299806200406 Article_num:852
http://sage.cnpereading.com/paragraph/article/?doi=10.1177/002224299806200407 Article_num:853
http://sage.cnpereading.com/paragraph/article/?doi=10.1177/002224299806200301 Article_num:854
http://sage.cnpereading.com/paragraph/article/?doi=10.1177/002224299806200302 Article_num:855
http://sage.cnpereading.com/paragraph/article/?doi=10.1177/002224299806200303 Article_num:856
http://sage.cnpereading.com/paragraph/article/?doi=10.1177/002224299806200304 Article_num:857
http://sage.cnpereading.com/paragraph/article/?doi=10.1177/002224299806200305 Article_num:858
http://sage.cnpereading.com/paragraph/article/?doi=10.1177/002224299806200306 Article_num:859
http://sage.cnpereading.com/paragraph/article/?doi=10.1177/002224299806200307 Article_num:860
http://sage.cnpereading.com/paragraph/article/?doi=10.1177/002224299806200308 Article_num:861
http://sage.cnpereading.com/paragraph/article/?doi=10.1177/002224299806200309 Article_num:862
http://sage.cnpereading.com/paragraph/article/?doi=10.1177/002224299806200201 Article_num:863
http://sage.cnpereading.com/paragraph/article/?doi=10.1177/002224299806200202 Article_num:864
http://sage.cnpereading.com/paragraph/article/?doi=10.1177/002224299806200203 Article_num:865
http://sage.cnpereading.com/paragraph/article/?doi=10.1177/002224299806200204 Article_num:866
http://sage.cnpereading.com/paragraph/article/?doi=10.1177/002224299806200205 Article_num:867
http://sage.cnpereading.com/paragraph/article/?doi=10.1177/002224299806200206 Article_num:868
http://sage.cnpereading.com/paragraph/article/?doi=10.1177/002224299806200207 Article_num:869
http://sage.cnpereading.com/paragraph/article/?doi=10.1177/002224299806200208 Article_num:870
http://sage.cnpereading.com/paragraph/article/?doi=10.1177/002224299806200101 Article_num:871
http://sage.cnpereading.com/paragraph/article/?doi=10.1177/002224299806200102 Article_num:872
http://sage.cnpereading.com/paragraph/article/?doi=10.1177/002224299806200103 Article_num:873
http://sage.cnpereading.com/paragraph/article/?doi=10.1177/002224299806200104 Article_num:874
http://sage.cnpereading.com/paragraph/article/?doi=10.1177/002224299806200105 Article_num:875
http://sage.cnpereading.com/paragraph/article/?doi=10.1177/002224299806200106 Article_num:876
http://sage.cnpereading.com/paragraph/article/?doi=10.1177/002224299806200107 Article_num:877
http://sage.cnpereading.com/paragraph/article/?doi=10.1177/002224299806200108 Article_num:878
http://sage.cnpereading.com/paragraph/article/?doi=10.1177/002224299806200109 Article_num:879
http://sage.cnpereading.com/paragraph/article/?doi=10.1177/002224299706100401 Article_num:880
http://sage.cnpereading.com/paragraph/article/?doi=10.1177/002224299706100402 Article_num:881
http://sage.cnpereading.com/paragraph/article/?doi=10.1177/002224299706100403 Article_num:882
http://sage.cnpereading.com/paragraph/article/?doi=10.1177/002224299706100404 Article_num:883
http://sage.cnpereading.com/paragraph/article/?doi=10.1177/002224299706100405 Article_num:884
http://sage.cnpereading.com/paragraph/article/?doi=10.1177/002224299706100406 Article_num:885
http://sage.cnpereading.com/paragraph/article/?doi=10.1177/002224299706100407 Article_num:886
http://sage.cnpereading.com/paragraph/article/?doi=10.1177/002224299706100411 Article_num:887
http://sage.cnpereading.com/paragraph/article/?doi=10.1177/002224299706100301 Article_num:888
http://sage.cnpereading.com/paragraph/article/?doi=10.1177/002224299706100302 Article_num:889
http://sage.cnpereading.com/paragraph/article/?doi=10.1177/002224299706100303 Article_num:890
http://sage.cnpereading.com/paragraph/article/?doi=10.1177/002224299706100304 Article_num:891
http://sage.cnpereading.com/paragraph/article/?doi=10.1177/002224299706100305 Article_num:892
http://sage.cnpereading.com/paragraph/article/?doi=10.1177/002224299706100306 Article_num:893
http://sage.cnpereading.com/paragraph/article/?doi=10.1177/002224299706100307 Article_num:894
http://sage.cnpereading.com/paragraph/article/?doi=10.1177/002224299706100201 Article_num:895
http://sage.cnpereading.com/paragraph/article/?doi=10.1177/002224299706100202 Article_num:896
http://sage.cnpereading.com/paragraph/article/?doi=10.1177/002224299706100203 Article_num:897
http://sage.cnpereading.com/paragraph/article/?doi=10.1177/002224299706100204 Article_num:898
http://sage.cnpereading.com/paragraph/article/?doi=10.1177/002224299706100205 Article_num:899
http://sage.cnpereading.com/paragraph/article/?doi=10.1177/002224299706100206 Article_num:900
http://sage.cnpereading.com/paragraph/article/?doi=10.1177/002224299706100210 Article_num:901
http://sage.cnpereading.com/paragraph/article/?doi=10.1177/002224299706100211 Article_num:902
http://sage.cnpereading.com/paragraph/article/?doi=10.1177/002224299706100101 Article_num:903
http://sage.cnpereading.com/paragraph/article/?doi=10.1177/002224299706100102 Article_num:904
http://sage.cnpereading.com/paragraph/article/?doi=10.1177/002224299706100103 Article_num:905
http://sage.cnpereading.com/paragraph/article/?doi=10.1177/002224299706100104 Article_num:906
http://sage.cnpereading.com/paragraph/article/?doi=10.1177/002224299706100105 Article_num:907
http://sage.cnpereading.com/paragraph/article/?doi=10.1177/002224299706100106 Article_num:908
http://sage.cnpereading.com/paragraph/article/?doi=10.1177/002224299706100107 Article_num:909
http://sage.cnpereading.com/paragraph/article/?doi=10.1177/002224299706100108 Article_num:910
http://sage.cnpereading.com/paragraph/article/?doi=10.1177/002224299706100109 Article_num:911
http://sage.cnpereading.com/paragraph/article/?doi=10.1177/002224299706100110 Article_num:912
http://sage.cnpereading.com/paragraph/article/?doi=10.1177/002224299706100113 Article_num:913
http://sage.cnpereading.com/paragraph/article/?doi=10.1177/002224299606000401 Article_num:914
http://sage.cnpereading.com/paragraph/article/?doi=10.1177/002224299606000402 Article_num:915
http://sage.cnpereading.com/paragraph/article/?doi=10.1177/002224299606000404 Article_num:916
http://sage.cnpereading.com/paragraph/article/?doi=10.1177/002224299606000405 Article_num:917
http://sage.cnpereading.com/paragraph/article/?doi=10.1177/002224299606000406 Article_num:918
http://sage.cnpereading.com/paragraph/article/?doi=10.1177/002224299606000407 Article_num:919
http://sage.cnpereading.com/paragraph/article/?doi=10.1177/002224299606000408 Article_num:920
http://sage.cnpereading.com/paragraph/article/?doi=10.1177/002224299606000409 Article_num:921
http://sage.cnpereading.com/paragraph/article/?doi=10.1177/002224299606000410 Article_num:922
http://sage.cnpereading.com/paragraph/article/?doi=10.1177/002224299606000411 Article_num:923
http://sage.cnpereading.com/paragraph/article/?doi=10.1177/002224299606000414 Article_num:924
http://sage.cnpereading.com/paragraph/article/?doi=10.1177/002224299606000301 Article_num:925
http://sage.cnpereading.com/paragraph/article/?doi=10.1177/002224299606000302 Article_num:926
http://sage.cnpereading.com/paragraph/article/?doi=10.1177/002224299606000303 Article_num:927
http://sage.cnpereading.com/paragraph/article/?doi=10.1177/002224299606000304 Article_num:928
http://sage.cnpereading.com/paragraph/article/?doi=10.1177/002224299606000305 Article_num:929
http://sage.cnpereading.com/paragraph/article/?doi=10.1177/002224299606000306 Article_num:930
http://sage.cnpereading.com/paragraph/article/?doi=10.1177/002224299606000307 Article_num:931
http://sage.cnpereading.com/paragraph/article/?doi=10.1177/002224299606000308 Article_num:932
http://sage.cnpereading.com/paragraph/article/?doi=10.1177/002224299606000201 Article_num:933
http://sage.cnpereading.com/paragraph/article/?doi=10.1177/002224299606000202 Article_num:934
http://sage.cnpereading.com/paragraph/article/?doi=10.1177/002224299606000203 Article_num:935
http://sage.cnpereading.com/paragraph/article/?doi=10.1177/002224299606000204 Article_num:936
http://sage.cnpereading.com/paragraph/article/?doi=10.1177/002224299606000205 Article_num:937
http://sage.cnpereading.com/paragraph/article/?doi=10.1177/002224299606000206 Article_num:938
http://sage.cnpereading.com/paragraph/article/?doi=10.1177/002224299606000207 Article_num:939
http://sage.cnpereading.com/paragraph/article/?doi=10.1177/002224299606000208 Article_num:940
http://sage.cnpereading.com/paragraph/article/?doi=10.1177/002224299606000209 Article_num:941
http://sage.cnpereading.com/paragraph/article/?doi=10.1177/002224299606000102 Article_num:942
http://sage.cnpereading.com/paragraph/article/?doi=10.1177/002224299606000103 Article_num:943
http://sage.cnpereading.com/paragraph/article/?doi=10.1177/002224299606000104 Article_num:944
http://sage.cnpereading.com/paragraph/article/?doi=10.1177/002224299606000105 Article_num:945
http://sage.cnpereading.com/paragraph/article/?doi=10.1177/002224299606000106 Article_num:946
http://sage.cnpereading.com/paragraph/article/?doi=10.1177/002224299606000107 Article_num:947
http://sage.cnpereading.com/paragraph/article/?doi=10.1177/002224299606000108 Article_num:948
http://sage.cnpereading.com/paragraph/article/?doi=10.1177/002224299606000109 Article_num:949
